[2017-09-06 22:12:31.657] [INFO] con-log - [32m[/app/TelCatCallServer/game-server/node_modules/pomelo/lib/filters/handler/time.js] [39m{"route":"gate.gateHandler.queryEntry","args":{"uid":"test","__route__":"gate.gateHandler.queryEntry"},"time":"09062212","timeUsed":2}
[2017-09-07 01:12:55.524] [INFO] con-log - [32m[/app/TelCatCallServer/game-server/node_modules/pomelo/lib/filters/handler/time.js] [39m{"route":"gate.gateHandler.queryEntry","args":{"uid":"test","__route__":"gate.gateHandler.queryEntry"},"time":"09070112","timeUsed":1}
[2017-09-07 01:13:00.266] [INFO] con-log - [32m[/app/TelCatCallServer/game-server/node_modules/pomelo/lib/filters/handler/time.js] [39m{"route":"gate.gateHandler.queryEntry","args":{"uid":"test","__route__":"gate.gateHandler.queryEntry"},"time":"09070113","timeUsed":0}
[2017-09-07 09:50:46.798] [INFO] con-log - [32m[/app/TelCatCallServer/game-server/node_modules/pomelo/lib/filters/handler/time.js] [39m{"route":"gate.gateHandler.queryEntry","args":{"uid":"test","__route__":"gate.gateHandler.queryEntry"},"time":"09070950","timeUsed":0}
[2017-09-07 09:52:16.578] [INFO] con-log - [32m[/app/TelCatCallServer/game-server/node_modules/pomelo/lib/filters/handler/time.js] [39m{"route":"gate.gateHandler.queryEntry","args":{"uid":"test","__route__":"gate.gateHandler.queryEntry"},"time":"09070952","timeUsed":0}
[2017-09-07 09:52:51.211] [INFO] con-log - [32m[/app/TelCatCallServer/game-server/node_modules/pomelo/lib/filters/handler/time.js] [39m{"route":"gate.gateHandler.queryEntry","args":{"uid":"test","__route__":"gate.gateHandler.queryEntry"},"time":"09070952","timeUsed":0}
[2017-09-07 09:52:51.438] [INFO] con-log - [32m[/app/TelCatCallServer/game-server/node_modules/pomelo/lib/filters/handler/time.js] [39m{"route":"gate.gateHandler.queryEntry","args":{"uid":"test","__route__":"gate.gateHandler.queryEntry"},"time":"09070952","timeUsed":0}
[2017-09-07 09:54:15.258] [INFO] con-log - [32m[/app/TelCatCallServer/game-server/node_modules/pomelo/lib/filters/handler/time.js] [39m{"route":"gate.gateHandler.queryEntry","args":{"uid":"test","__route__":"gate.gateHandler.queryEntry"},"time":"09070954","timeUsed":0}
[2017-09-07 09:54:15.520] [INFO] con-log - [32m[/app/TelCatCallServer/game-server/node_modules/pomelo/lib/filters/handler/time.js] [39m{"route":"gate.gateHandler.queryEntry","args":{"uid":"test","__route__":"gate.gateHandler.queryEntry"},"time":"09070954","timeUsed":0}
[2017-09-07 10:36:51.476] [INFO] con-log - [32m[/app/TelCatCallServer/game-server/node_modules/pomelo/lib/filters/handler/time.js] [39m{"route":"gate.gateHandler.queryEntry","args":{"uid":"test","__route__":"gate.gateHandler.queryEntry"},"time":"09071036","timeUsed":0}
[2017-09-07 10:36:51.773] [INFO] con-log - [32m[/app/TelCatCallServer/game-server/node_modules/pomelo/lib/filters/handler/time.js] [39m{"route":"gate.gateHandler.queryEntry","args":{"uid":"test","__route__":"gate.gateHandler.queryEntry"},"time":"09071036","timeUsed":0}
[2017-09-07 12:01:14.991] [INFO] con-log - [32m[/app/TelCatCallServer/game-server/node_modules/pomelo/lib/filters/handler/time.js] [39m{"route":"gate.gateHandler.queryEntry","args":{"uid":"test","__route__":"gate.gateHandler.queryEntry"},"time":"09071201","timeUsed":2}
[2017-09-07 12:01:15.228] [INFO] con-log - [32m[/app/TelCatCallServer/game-server/node_modules/pomelo/lib/filters/handler/time.js] [39m{"route":"gate.gateHandler.queryEntry","args":{"uid":"test","__route__":"gate.gateHandler.queryEntry"},"time":"09071201","timeUsed":1}
[2017-09-07 12:01:30.424] [INFO] con-log - [32m[/app/TelCatCallServer/game-server/node_modules/pomelo/lib/filters/handler/time.js] [39m{"route":"gate.gateHandler.queryEntry","args":{"uid":"test","__route__":"gate.gateHandler.queryEntry"},"time":"09071201","timeUsed":0}
[2017-09-07 12:06:31.060] [INFO] con-log - [32m[/app/TelCatCallServer/game-server/node_modules/pomelo/lib/filters/handler/time.js] [39m{"route":"gate.gateHandler.queryEntry","args":{"uid":"test","__route__":"gate.gateHandler.queryEntry"},"time":"09071206","timeUsed":0}
[2017-09-07 12:52:40.776] [ERROR] con-log - [31m[/app/TelCatCallServer/game-server/node_modules/_pomelo-upgrade@1.4.4@pomelo-upgrade/lib/filters/handler/toobusy.js] [39m[toobusy] reject request msg: Error: Cannot find module 'toobusy'
[2017-09-07 15:15:20.344] [INFO] con-log - [32m[/app/TelCatCallServer/game-server/node_modules/_pomelo@2.2.5@pomelo/lib/filters/handler/time.js] [39m{"route":"gate.gateHandler.queryEntry","args":{"uid":"test","__route__":"gate.gateHandler.queryEntry"},"time":"09071515","timeUsed":2}
[2017-09-07 15:22:08.991] [INFO] con-log - [32m[/app/TelCatCallServer/game-server/node_modules/_pomelo@2.2.5@pomelo/lib/filters/handler/time.js] [39m{"route":"gate.gateHandler.queryEntry","args":{"uid":"test","__route__":"gate.gateHandler.queryEntry"},"time":"09071522","timeUsed":0}
[2017-09-07 15:27:24.037] [INFO] con-log - [32m[/app/TelCatCallServer/game-server/node_modules/_pomelo@2.2.5@pomelo/lib/filters/handler/time.js] [39m{"route":"gate.gateHandler.queryEntry","args":{"uid":"test","__route__":"gate.gateHandler.queryEntry"},"time":"09071527","timeUsed":1}
[2017-09-07 20:45:27.022] [INFO] con-log - [32m[/app/TelCatCallServer/game-server/node_modules/_pomelo@2.2.5@pomelo/lib/filters/handler/time.js] [39m{"route":"gate.gateHandler.queryEntry","args":{"uid":"test","__route__":"gate.gateHandler.queryEntry"},"time":"09072045","timeUsed":2}
[2017-09-07 20:45:31.167] [INFO] con-log - [32m[/app/TelCatCallServer/game-server/node_modules/_pomelo@2.2.5@pomelo/lib/filters/handler/time.js] [39m{"route":"gate.gateHandler.queryEntry","args":{"uid":"test","__route__":"gate.gateHandler.queryEntry"},"time":"09072045","timeUsed":0}
[2017-09-07 20:45:31.680] [INFO] con-log - [32m[/app/TelCatCallServer/game-server/node_modules/_pomelo@2.2.5@pomelo/lib/filters/handler/time.js] [39m{"route":"gate.gateHandler.queryEntry","args":{"uid":"test","__route__":"gate.gateHandler.queryEntry"},"time":"09072045","timeUsed":0}
[2017-09-07 20:45:56.818] [INFO] con-log - [32m[/app/TelCatCallServer/game-server/node_modules/_pomelo@2.2.5@pomelo/lib/filters/handler/time.js] [39m{"route":"gate.gateHandler.queryEntry","args":{"uid":"test","__route__":"gate.gateHandler.queryEntry"},"time":"09072045","timeUsed":1}
[2017-09-11 15:26:17.214] [INFO] con-log - [32m[/app/TelCatCallServer/game-server/node_modules/pomelo/lib/filters/handler/time.js] [39m{"route":"gate.gateHandler.queryEntry","args":{"uid":"test<-->testp<-->browser<-->1505114777054","__route__":"gate.gateHandler.queryEntry"},"time":"09111526","timeUsed":1}
[2017-09-11 15:26:56.779] [INFO] con-log - [32m[/app/TelCatCallServer/game-server/node_modules/pomelo/lib/filters/handler/time.js] [39m{"route":"gate.gateHandler.queryEntry","args":{"uid":"test<-->testp<-->browser<-->1505114816587","__route__":"gate.gateHandler.queryEntry"},"time":"09111526","timeUsed":1}
[2017-09-11 15:28:28.422] [INFO] con-log - [32m[/app/TelCatCallServer/game-server/node_modules/pomelo/lib/filters/handler/time.js] [39m{"route":"gate.gateHandler.queryEntry","args":{"uid":"test<-->testp<-->browser<-->1505114908230","__route__":"gate.gateHandler.queryEntry"},"time":"09111528","timeUsed":1}
[2017-09-11 15:29:14.355] [INFO] con-log - [32m[/app/TelCatCallServer/game-server/node_modules/pomelo/lib/filters/handler/time.js] [39m{"route":"gate.gateHandler.queryEntry","args":{"uid":"test<-->testp<-->browser<-->1505114954132","__route__":"gate.gateHandler.queryEntry"},"time":"09111529","timeUsed":1}
[2017-09-11 15:37:35.307] [INFO] con-log - [32m[/app/TelCatCallServer/game-server/node_modules/pomelo/lib/filters/handler/time.js] [39m{"route":"gate.gateHandler.queryEntry","args":{"uid":"test<-->testp<-->browser<-->1505115455184","__route__":"gate.gateHandler.queryEntry"},"time":"09111537","timeUsed":1}
[2017-09-11 15:38:11.057] [INFO] con-log - [32m[/app/TelCatCallServer/game-server/node_modules/pomelo/lib/filters/handler/time.js] [39m{"route":"gate.gateHandler.queryEntry","args":{"uid":"test<-->testp<-->browser<-->1505115490874","__route__":"gate.gateHandler.queryEntry"},"time":"09111538","timeUsed":0}
[2017-09-11 15:40:52.712] [INFO] con-log - [32m[/app/TelCatCallServer/game-server/node_modules/pomelo/lib/filters/handler/time.js] [39m{"route":"gate.gateHandler.queryEntry","args":{"uid":"test<-->testp<-->browser<-->1505115652522","__route__":"gate.gateHandler.queryEntry"},"time":"09111540","timeUsed":0}
[2017-09-11 15:49:33.125] [INFO] con-log - [32m[/app/TelCatCallServer/game-server/node_modules/pomelo/lib/filters/handler/time.js] [39m{"route":"gate.gateHandler.queryEntry","args":{"uid":"test<-->testp<-->browser<-->1505116172910","__route__":"gate.gateHandler.queryEntry"},"time":"09111549","timeUsed":1}
[2017-09-11 15:49:41.920] [INFO] con-log - [32m[/app/TelCatCallServer/game-server/node_modules/pomelo/lib/filters/handler/time.js] [39m{"route":"gate.gateHandler.queryEntry","args":{"uid":"test<-->testp<-->browser<-->1505116181779","__route__":"gate.gateHandler.queryEntry"},"time":"09111549","timeUsed":1}
[2017-09-11 15:52:01.195] [INFO] con-log - [32m[/app/TelCatCallServer/game-server/node_modules/pomelo/lib/filters/handler/time.js] [39m{"route":"gate.gateHandler.queryEntry","args":{"uid":"test<-->testp<-->browser<-->1505116321003","__route__":"gate.gateHandler.queryEntry"},"time":"09111552","timeUsed":0}
[2017-09-11 15:53:37.738] [INFO] con-log - [32m[/app/TelCatCallServer/game-server/node_modules/pomelo/lib/filters/handler/time.js] [39m{"route":"gate.gateHandler.queryEntry","args":{"uid":"test<-->browser<-->1505116417466","__route__":"gate.gateHandler.queryEntry"},"time":"09111553","timeUsed":0}
[2017-09-11 15:53:37.790] [INFO] con-log - [32m[/app/TelCatCallServer/game-server/node_modules/pomelo/lib/filters/handler/time.js] [39m{"route":"gate.gateHandler.queryEntry","args":{"uid":"test<-->browser<-->1505116417500","__route__":"gate.gateHandler.queryEntry"},"time":"09111553","timeUsed":0}
[2017-09-11 16:00:38.387] [INFO] con-log - [32m[/app/TelCatCallServer/game-server/node_modules/pomelo/lib/filters/handler/time.js] [39m{"route":"gate.gateHandler.queryEntry","args":{"uid":"test<-->browser<-->1505116838175","__route__":"gate.gateHandler.queryEntry"},"time":"09111600","timeUsed":2}
[2017-09-11 16:00:48.362] [INFO] con-log - [32m[/app/TelCatCallServer/game-server/node_modules/pomelo/lib/filters/handler/time.js] [39m{"route":"gate.gateHandler.queryEntry","args":{"uid":"test<-->browser<-->1505116848177","__route__":"gate.gateHandler.queryEntry"},"time":"09111600","timeUsed":0}
[2017-09-11 16:08:05.503] [INFO] con-log - [32m[/app/TelCatCallServer/game-server/node_modules/pomelo/lib/filters/handler/time.js] [39m{"route":"gate.gateHandler.queryEntry","args":{"uid":"test<-->browser<-->1505117285326","__route__":"gate.gateHandler.queryEntry"},"time":"09111608","timeUsed":2}
[2017-09-11 16:08:22.396] [INFO] con-log - [32m[/app/TelCatCallServer/game-server/node_modules/pomelo/lib/filters/handler/time.js] [39m{"route":"gate.gateHandler.queryEntry","args":{"uid":"test<-->browser<-->1505117302200","__route__":"gate.gateHandler.queryEntry"},"time":"09111608","timeUsed":0}
[2017-09-11 16:09:19.987] [INFO] con-log - [32m[/app/TelCatCallServer/game-server/node_modules/pomelo/lib/filters/handler/time.js] [39m{"route":"gate.gateHandler.queryEntry","args":{"uid":"test<-->browser<-->1505117359814","__route__":"gate.gateHandler.queryEntry"},"time":"09111609","timeUsed":0}
[2017-09-11 16:09:25.077] [INFO] con-log - [32m[/app/TelCatCallServer/game-server/node_modules/pomelo/lib/filters/handler/time.js] [39m{"route":"gate.gateHandler.queryEntry","args":{"uid":"test<-->browser<-->1505117364929","__route__":"gate.gateHandler.queryEntry"},"time":"09111609","timeUsed":0}
[2017-09-11 20:39:39.220] [INFO] con-log - [32m[/app/TelCatCallServer/game-server/node_modules/pomelo/lib/filters/handler/time.js] [39m{"route":"gate.gateHandler.queryEntry","args":{"uid":"test<-->browser<-->1505133579170","__route__":"gate.gateHandler.queryEntry"},"time":"09112039","timeUsed":0}
[2017-09-11 20:39:39.326] [INFO] con-log - [32m[/app/TelCatCallServer/game-server/node_modules/pomelo/lib/filters/handler/time.js] [39m{"route":"gate.gateHandler.queryEntry","args":{"uid":"test<-->browser<-->1505133579196","__route__":"gate.gateHandler.queryEntry"},"time":"09112039","timeUsed":0}
[2017-09-11 20:42:31.276] [INFO] con-log - [32m[/app/TelCatCallServer/game-server/node_modules/pomelo/lib/filters/handler/time.js] [39m{"route":"gate.gateHandler.queryEntry","args":{"uid":"test<-->browser<-->1505133751170","__route__":"gate.gateHandler.queryEntry"},"time":"09112042","timeUsed":0}
[2017-09-11 20:42:31.282] [INFO] con-log - [32m[/app/TelCatCallServer/game-server/node_modules/pomelo/lib/filters/handler/time.js] [39m{"route":"gate.gateHandler.queryEntry","args":{"uid":"test<-->browser<-->1505133751166","__route__":"gate.gateHandler.queryEntry"},"time":"09112042","timeUsed":0}
[2017-09-11 20:48:47.041] [INFO] con-log - [32m[/app/TelCatCallServer/game-server/node_modules/pomelo/lib/filters/handler/time.js] [39m{"route":"gate.gateHandler.queryEntry","args":{"uid":"test<-->browser<-->1505134126840","__route__":"gate.gateHandler.queryEntry"},"time":"09112048","timeUsed":2}
[2017-09-11 20:48:52.072] [INFO] con-log - [32m[/app/TelCatCallServer/game-server/node_modules/pomelo/lib/filters/handler/time.js] [39m{"route":"gate.gateHandler.queryEntry","args":{"uid":"test<-->browser<-->1505134131965","__route__":"gate.gateHandler.queryEntry"},"time":"09112048","timeUsed":1}
[2017-09-11 20:50:41.032] [INFO] con-log - [32m[/app/TelCatCallServer/game-server/node_modules/pomelo/lib/filters/handler/time.js] [39m{"route":"gate.gateHandler.queryEntry","args":{"uid":"test<-->browser<-->1505134240969","__route__":"gate.gateHandler.queryEntry"},"time":"09112050","timeUsed":0}
[2017-09-11 20:50:41.300] [INFO] con-log - [32m[/app/TelCatCallServer/game-server/node_modules/pomelo/lib/filters/handler/time.js] [39m{"route":"gate.gateHandler.queryEntry","args":{"uid":"test<-->browser<-->1505134241098","__route__":"gate.gateHandler.queryEntry"},"time":"09112050","timeUsed":0}
[2017-09-11 20:54:39.877] [INFO] con-log - [32m[/app/TelCatCallServer/game-server/node_modules/pomelo/lib/filters/handler/time.js] [39m{"route":"gate.gateHandler.queryEntry","args":{"uid":"test<-->browser<-->1505134479681","__route__":"gate.gateHandler.queryEntry"},"time":"09112054","timeUsed":2}
[2017-09-11 20:54:43.277] [INFO] con-log - [32m[/app/TelCatCallServer/game-server/node_modules/pomelo/lib/filters/handler/time.js] [39m{"route":"gate.gateHandler.queryEntry","args":{"uid":"test<-->browser<-->1505134483086","__route__":"gate.gateHandler.queryEntry"},"time":"09112054","timeUsed":1}
[2017-09-11 20:54:49.326] [INFO] con-log - [32m[/app/TelCatCallServer/game-server/node_modules/pomelo/lib/filters/handler/time.js] [39m{"route":"gate.gateHandler.queryEntry","args":{"uid":"test<-->browser<-->1505134489145","__route__":"gate.gateHandler.queryEntry"},"time":"09112054","timeUsed":0}
[2017-09-11 21:49:57.385] [INFO] con-log - [32m[/app/TelCatCallServer/game-server/node_modules/pomelo/lib/filters/handler/time.js] [39m{"route":"gate.gateHandler.queryEntry","args":{"uid":"test<-->browser<-->1505137797251","__route__":"gate.gateHandler.queryEntry"},"time":"09112149","timeUsed":2}
[2017-09-11 21:49:57.538] [INFO] con-log - [32m[/app/TelCatCallServer/game-server/node_modules/pomelo/lib/filters/handler/time.js] [39m{"route":"gate.gateHandler.queryEntry","args":{"uid":"test<-->browser<-->1505137797290","__route__":"gate.gateHandler.queryEntry"},"time":"09112149","timeUsed":0}
[2017-09-11 22:02:46.429] [INFO] con-log - [32m[/app/TelCatCallServer/game-server/node_modules/pomelo/lib/filters/handler/time.js] [39m{"route":"gate.gateHandler.queryEntry","args":{"uid":"test<-->browser<-->1111111111","__route__":"gate.gateHandler.queryEntry"},"time":"09112202","timeUsed":0}
[2017-09-11 22:02:56.997] [INFO] con-log - [32m[/app/TelCatCallServer/game-server/node_modules/pomelo/lib/filters/handler/time.js] [39m{"route":"gate.gateHandler.queryEntry","args":{"uid":"test<-->browser<-->1111111111","__route__":"gate.gateHandler.queryEntry"},"time":"09112202","timeUsed":1}
[2017-09-11 22:05:59.533] [INFO] con-log - [32m[/app/TelCatCallServer/game-server/node_modules/pomelo/lib/filters/handler/time.js] [39m{"route":"gate.gateHandler.queryEntry","args":{"uid":"test<-->browser<-->1111111111","__route__":"gate.gateHandler.queryEntry"},"time":"09112205","timeUsed":2}
[2017-09-11 22:06:03.184] [INFO] con-log - [32m[/app/TelCatCallServer/game-server/node_modules/pomelo/lib/filters/handler/time.js] [39m{"route":"gate.gateHandler.queryEntry","args":{"uid":"test<-->browser<-->1111111111","__route__":"gate.gateHandler.queryEntry"},"time":"09112206","timeUsed":0}
[2017-09-11 22:09:16.718] [INFO] con-log - [32m[/app/TelCatCallServer/game-server/node_modules/pomelo/lib/filters/handler/time.js] [39m{"route":"gate.gateHandler.queryEntry","args":{"uid":"test<-->browser<-->1111111111","__route__":"gate.gateHandler.queryEntry"},"time":"09112209","timeUsed":1}
[2017-09-11 22:09:21.819] [INFO] con-log - [32m[/app/TelCatCallServer/game-server/node_modules/pomelo/lib/filters/handler/time.js] [39m{"route":"gate.gateHandler.queryEntry","args":{"uid":"test<-->browser<-->1111111111","__route__":"gate.gateHandler.queryEntry"},"time":"09112209","timeUsed":1}
[2017-09-11 22:10:47.892] [INFO] con-log - [32m[/app/TelCatCallServer/game-server/node_modules/pomelo/lib/filters/handler/time.js] [39m{"route":"gate.gateHandler.queryEntry","args":{"uid":"test<-->browser<-->1111111111","__route__":"gate.gateHandler.queryEntry"},"time":"09112210","timeUsed":1}
[2017-09-11 22:10:52.135] [INFO] con-log - [32m[/app/TelCatCallServer/game-server/node_modules/pomelo/lib/filters/handler/time.js] [39m{"route":"gate.gateHandler.queryEntry","args":{"uid":"test<-->browser<-->1111111111","__route__":"gate.gateHandler.queryEntry"},"time":"09112210","timeUsed":1}
[2017-09-11 22:20:28.324] [INFO] con-log - [32m[/app/TelCatCallServer/game-server/node_modules/pomelo/lib/filters/handler/time.js] [39m{"route":"gate.gateHandler.queryEntry","args":{"uid":"test<-->browser<-->1111111111","__route__":"gate.gateHandler.queryEntry"},"time":"09112220","timeUsed":2}
[2017-09-11 22:21:55.688] [INFO] con-log - [32m[/app/TelCatCallServer/game-server/node_modules/pomelo/lib/filters/handler/time.js] [39m{"route":"gate.gateHandler.queryEntry","args":{"uid":"test<-->browser<-->1111111111","__route__":"gate.gateHandler.queryEntry"},"time":"09112221","timeUsed":2}
[2017-09-11 22:24:05.958] [INFO] con-log - [32m[/app/TelCatCallServer/game-server/node_modules/pomelo/lib/filters/handler/time.js] [39m{"route":"gate.gateHandler.queryEntry","args":{"uid":"test<-->browser<-->1111111111","__route__":"gate.gateHandler.queryEntry"},"time":"09112224","timeUsed":1}
[2017-09-11 22:32:55.016] [INFO] con-log - [32m[/app/TelCatCallServer/game-server/node_modules/pomelo/lib/filters/handler/time.js] [39m{"route":"gate.gateHandler.queryEntry","args":{"uid":"test<-->browser<-->1111111111","__route__":"gate.gateHandler.queryEntry"},"time":"09112232","timeUsed":1}
[2017-09-11 22:33:19.730] [INFO] con-log - [32m[/app/TelCatCallServer/game-server/node_modules/pomelo/lib/filters/handler/time.js] [39m{"route":"gate.gateHandler.queryEntry","args":{"uid":"test<-->browser<-->1111111111","__route__":"gate.gateHandler.queryEntry"},"time":"09112233","timeUsed":1}
[2017-09-11 22:33:43.458] [INFO] con-log - [32m[/app/TelCatCallServer/game-server/node_modules/pomelo/lib/filters/handler/time.js] [39m{"route":"gate.gateHandler.queryEntry","args":{"uid":"test<-->browser<-->1111111111","__route__":"gate.gateHandler.queryEntry"},"time":"09112233","timeUsed":0}
[2017-09-11 22:36:36.329] [INFO] con-log - [32m[/app/TelCatCallServer/game-server/node_modules/pomelo/lib/filters/handler/time.js] [39m{"route":"gate.gateHandler.queryEntry","args":{"uid":"test<-->browser<-->1111111111","__route__":"gate.gateHandler.queryEntry"},"time":"09112236","timeUsed":1}
[2017-09-11 22:36:39.767] [INFO] con-log - [32m[/app/TelCatCallServer/game-server/node_modules/pomelo/lib/filters/handler/time.js] [39m{"route":"gate.gateHandler.queryEntry","args":{"uid":"test<-->browser<-->1111111111","__route__":"gate.gateHandler.queryEntry"},"time":"09112236","timeUsed":0}
[2017-09-11 22:38:04.537] [INFO] con-log - [32m[/app/TelCatCallServer/game-server/node_modules/pomelo/lib/filters/handler/time.js] [39m{"route":"gate.gateHandler.queryEntry","args":{"uid":"test<-->browser<-->1111111111","__route__":"gate.gateHandler.queryEntry"},"time":"09112238","timeUsed":1}
[2017-09-11 22:38:08.979] [INFO] con-log - [32m[/app/TelCatCallServer/game-server/node_modules/pomelo/lib/filters/handler/time.js] [39m{"route":"gate.gateHandler.queryEntry","args":{"uid":"test<-->browser<-->1111111111","__route__":"gate.gateHandler.queryEntry"},"time":"09112238","timeUsed":0}
[2017-09-11 22:41:29.435] [INFO] con-log - [32m[/app/TelCatCallServer/game-server/node_modules/pomelo/lib/filters/handler/time.js] [39m{"route":"gate.gateHandler.queryEntry","args":{"uid":"test<-->browser<-->1111111111","__route__":"gate.gateHandler.queryEntry"},"time":"09112241","timeUsed":0}
[2017-09-11 22:41:34.536] [INFO] con-log - [32m[/app/TelCatCallServer/game-server/node_modules/pomelo/lib/filters/handler/time.js] [39m{"route":"gate.gateHandler.queryEntry","args":{"uid":"test<-->browser<-->1111111111","__route__":"gate.gateHandler.queryEntry"},"time":"09112241","timeUsed":0}
[2017-09-11 22:41:58.183] [INFO] con-log - [32m[/app/TelCatCallServer/game-server/node_modules/pomelo/lib/filters/handler/time.js] [39m{"route":"gate.gateHandler.queryEntry","args":{"uid":"test<-->browser<-->1111111111","__route__":"gate.gateHandler.queryEntry"},"time":"09112241","timeUsed":0}
[2017-09-11 22:42:11.048] [INFO] con-log - [32m[/app/TelCatCallServer/game-server/node_modules/pomelo/lib/filters/handler/time.js] [39m{"route":"gate.gateHandler.queryEntry","args":{"uid":"test<-->browser<-->1111111111","__route__":"gate.gateHandler.queryEntry"},"time":"09112242","timeUsed":0}
[2017-09-11 22:42:17.163] [INFO] con-log - [32m[/app/TelCatCallServer/game-server/node_modules/pomelo/lib/filters/handler/time.js] [39m{"route":"gate.gateHandler.queryEntry","args":{"uid":"test<-->browser<-->1111111111","__route__":"gate.gateHandler.queryEntry"},"time":"09112242","timeUsed":0}
[2017-09-11 22:42:22.259] [INFO] con-log - [32m[/app/TelCatCallServer/game-server/node_modules/pomelo/lib/filters/handler/time.js] [39m{"route":"gate.gateHandler.queryEntry","args":{"uid":"test<-->browser<-->1111111111","__route__":"gate.gateHandler.queryEntry"},"time":"09112242","timeUsed":0}
[2017-09-11 22:42:27.435] [INFO] con-log - [32m[/app/TelCatCallServer/game-server/node_modules/pomelo/lib/filters/handler/time.js] [39m{"route":"gate.gateHandler.queryEntry","args":{"uid":"test<-->browser<-->1111111111","__route__":"gate.gateHandler.queryEntry"},"time":"09112242","timeUsed":0}
[2017-09-11 22:45:07.522] [INFO] con-log - [32m[/app/TelCatCallServer/game-server/node_modules/pomelo/lib/filters/handler/time.js] [39m{"route":"gate.gateHandler.queryEntry","args":{"uid":"test<-->browser<-->1111111111","__route__":"gate.gateHandler.queryEntry"},"time":"09112245","timeUsed":1}
[2017-09-11 22:45:11.123] [INFO] con-log - [32m[/app/TelCatCallServer/game-server/node_modules/pomelo/lib/filters/handler/time.js] [39m{"route":"gate.gateHandler.queryEntry","args":{"uid":"test<-->browser<-->1111111111","__route__":"gate.gateHandler.queryEntry"},"time":"09112245","timeUsed":0}
[2017-09-11 23:03:23.639] [INFO] con-log - [32m[/app/TelCatCallServer/game-server/node_modules/pomelo/lib/filters/handler/time.js] [39m{"route":"gate.gateHandler.queryEntry","args":{"uid":"test<-->browser<-->1111111111","__route__":"gate.gateHandler.queryEntry"},"time":"09112303","timeUsed":2}
[2017-09-11 23:04:03.750] [INFO] con-log - [32m[/app/TelCatCallServer/game-server/node_modules/pomelo/lib/filters/handler/time.js] [39m{"route":"gate.gateHandler.queryEntry","args":{"uid":"test<-->browser<-->1111111111","__route__":"gate.gateHandler.queryEntry"},"time":"09112304","timeUsed":0}
[2017-09-11 23:04:30.448] [INFO] con-log - [32m[/app/TelCatCallServer/game-server/node_modules/pomelo/lib/filters/handler/time.js] [39m{"route":"gate.gateHandler.queryEntry","args":{"uid":"test<-->browser<-->1111111111","__route__":"gate.gateHandler.queryEntry"},"time":"09112304","timeUsed":0}
[2017-09-11 23:04:34.715] [INFO] con-log - [32m[/app/TelCatCallServer/game-server/node_modules/pomelo/lib/filters/handler/time.js] [39m{"route":"gate.gateHandler.queryEntry","args":{"uid":"test<-->browser<-->1111111111","__route__":"gate.gateHandler.queryEntry"},"time":"09112304","timeUsed":0}
[2017-09-11 23:04:51.969] [INFO] con-log - [32m[/app/TelCatCallServer/game-server/node_modules/pomelo/lib/filters/handler/time.js] [39m{"route":"gate.gateHandler.queryEntry","args":{"uid":"test<-->browser<-->1111111111","__route__":"gate.gateHandler.queryEntry"},"time":"09112304","timeUsed":0}
[2017-09-11 23:05:36.467] [INFO] con-log - [32m[/app/TelCatCallServer/game-server/node_modules/pomelo/lib/filters/handler/time.js] [39m{"route":"gate.gateHandler.queryEntry","args":{"uid":"test<-->browser<-->1111111111","__route__":"gate.gateHandler.queryEntry"},"time":"09112305","timeUsed":1}
[2017-09-11 23:05:40.455] [INFO] con-log - [32m[/app/TelCatCallServer/game-server/node_modules/pomelo/lib/filters/handler/time.js] [39m{"route":"gate.gateHandler.queryEntry","args":{"uid":"test<-->browser<-->1111111111","__route__":"gate.gateHandler.queryEntry"},"time":"09112305","timeUsed":1}
[2017-09-11 23:39:04.861] [INFO] con-log - [32m[/app/TelCatCallServer/game-server/node_modules/pomelo/lib/filters/handler/time.js] [39m{"route":"gate.gateHandler.queryEntry","args":{"uid":"test<-->browser<-->1111111111","__route__":"gate.gateHandler.queryEntry"},"time":"09112339","timeUsed":0}
[2017-09-11 23:39:04.896] [INFO] con-log - [32m[/app/TelCatCallServer/game-server/node_modules/pomelo/lib/filters/handler/time.js] [39m{"route":"gate.gateHandler.queryEntry","args":{"uid":"test<-->browser<-->1111111111","__route__":"gate.gateHandler.queryEntry"},"time":"09112339","timeUsed":0}
[2017-09-11 23:48:19.097] [INFO] con-log - [32m[/app/TelCatCallServer/game-server/node_modules/pomelo/lib/filters/handler/time.js] [39m{"route":"gate.gateHandler.queryEntry","args":{"uid":"test<-->browser<-->1111111111","__route__":"gate.gateHandler.queryEntry"},"time":"09112348","timeUsed":3}
[2017-09-11 23:48:19.196] [INFO] con-log - [32m[/app/TelCatCallServer/game-server/node_modules/pomelo/lib/filters/handler/time.js] [39m{"route":"gate.gateHandler.queryEntry","args":{"uid":"test<-->browser<-->1111111111","__route__":"gate.gateHandler.queryEntry"},"time":"09112348","timeUsed":0}
[2017-09-11 23:50:25.733] [INFO] con-log - [32m[/app/TelCatCallServer/game-server/node_modules/pomelo/lib/filters/handler/time.js] [39m{"route":"gate.gateHandler.queryEntry","args":{"uid":"test<-->browser<-->1111111111","__route__":"gate.gateHandler.queryEntry"},"time":"09112350","timeUsed":2}
[2017-09-11 23:50:25.765] [INFO] con-log - [32m[/app/TelCatCallServer/game-server/node_modules/pomelo/lib/filters/handler/time.js] [39m{"route":"gate.gateHandler.queryEntry","args":{"uid":"test<-->browser<-->1111111111","__route__":"gate.gateHandler.queryEntry"},"time":"09112350","timeUsed":0}
[2017-09-11 23:51:07.705] [INFO] con-log - [32m[/app/TelCatCallServer/game-server/node_modules/pomelo/lib/filters/handler/time.js] [39m{"route":"gate.gateHandler.queryEntry","args":{"uid":"test<-->browser<-->1111111111","__route__":"gate.gateHandler.queryEntry"},"time":"09112351","timeUsed":0}
[2017-09-11 23:51:07.803] [INFO] con-log - [32m[/app/TelCatCallServer/game-server/node_modules/pomelo/lib/filters/handler/time.js] [39m{"route":"gate.gateHandler.queryEntry","args":{"uid":"test<-->browser<-->1111111111","__route__":"gate.gateHandler.queryEntry"},"time":"09112351","timeUsed":0}
[2017-09-12 09:29:23.697] [INFO] con-log - [32m[/app/TelCatCallServer/game-server/node_modules/pomelo/lib/filters/handler/time.js] [39m{"route":"gate.gateHandler.queryEntry","args":{"uid":"test<-->browser<-->1111111111","__route__":"gate.gateHandler.queryEntry"},"time":"09120929","timeUsed":0}
[2017-09-12 09:30:16.674] [INFO] con-log - [32m[/app/TelCatCallServer/game-server/node_modules/pomelo/lib/filters/handler/time.js] [39m{"route":"gate.gateHandler.queryEntry","args":{"uid":"test<-->browser<-->1111111111","__route__":"gate.gateHandler.queryEntry"},"time":"09120930","timeUsed":0}
[2017-09-12 09:30:16.677] [INFO] con-log - [32m[/app/TelCatCallServer/game-server/node_modules/pomelo/lib/filters/handler/time.js] [39m{"route":"gate.gateHandler.queryEntry","args":{"uid":"test<-->browser<-->1111111111","__route__":"gate.gateHandler.queryEntry"},"time":"09120930","timeUsed":1}
[2017-09-12 09:30:46.525] [INFO] con-log - [32m[/app/TelCatCallServer/game-server/node_modules/pomelo/lib/filters/handler/time.js] [39m{"route":"gate.gateHandler.queryEntry","args":{"uid":"test<-->browser<-->1111111111","__route__":"gate.gateHandler.queryEntry"},"time":"09120930","timeUsed":0}
[2017-09-12 09:30:46.539] [INFO] con-log - [32m[/app/TelCatCallServer/game-server/node_modules/pomelo/lib/filters/handler/time.js] [39m{"route":"gate.gateHandler.queryEntry","args":{"uid":"test<-->browser<-->1111111111","__route__":"gate.gateHandler.queryEntry"},"time":"09120930","timeUsed":0}
[2017-09-12 09:34:18.711] [INFO] con-log - [32m[/app/TelCatCallServer/game-server/node_modules/pomelo/lib/filters/handler/time.js] [39m{"route":"gate.gateHandler.queryEntry","args":{"uid":"test<-->browser<-->1111111111","__route__":"gate.gateHandler.queryEntry"},"time":"09120934","timeUsed":0}
[2017-09-12 09:34:18.752] [INFO] con-log - [32m[/app/TelCatCallServer/game-server/node_modules/pomelo/lib/filters/handler/time.js] [39m{"route":"gate.gateHandler.queryEntry","args":{"uid":"test<-->browser<-->1111111111","__route__":"gate.gateHandler.queryEntry"},"time":"09120934","timeUsed":0}
[2017-09-12 09:37:01.629] [INFO] con-log - [32m[/app/TelCatCallServer/game-server/node_modules/pomelo/lib/filters/handler/time.js] [39m{"route":"gate.gateHandler.queryEntry","args":{"uid":"test<-->browser<-->1111111111","__route__":"gate.gateHandler.queryEntry"},"time":"09120937","timeUsed":0}
[2017-09-12 09:37:01.857] [INFO] con-log - [32m[/app/TelCatCallServer/game-server/node_modules/pomelo/lib/filters/handler/time.js] [39m{"route":"gate.gateHandler.queryEntry","args":{"uid":"test<-->browser<-->1111111111","__route__":"gate.gateHandler.queryEntry"},"time":"09120937","timeUsed":0}
[2017-09-12 09:41:50.056] [INFO] con-log - [32m[/app/TelCatCallServer/game-server/node_modules/pomelo/lib/filters/handler/time.js] [39m{"route":"gate.gateHandler.queryEntry","args":{"uid":"test<-->browser<-->1111111111","__route__":"gate.gateHandler.queryEntry"},"time":"09120941","timeUsed":0}
[2017-09-12 09:41:50.403] [INFO] con-log - [32m[/app/TelCatCallServer/game-server/node_modules/pomelo/lib/filters/handler/time.js] [39m{"route":"gate.gateHandler.queryEntry","args":{"uid":"test<-->browser<-->1111111111","__route__":"gate.gateHandler.queryEntry"},"time":"09120941","timeUsed":0}
[2017-09-12 09:43:01.360] [INFO] con-log - [32m[/app/TelCatCallServer/game-server/node_modules/pomelo/lib/filters/handler/time.js] [39m{"route":"gate.gateHandler.queryEntry","args":{"uid":"test<-->browser<-->1505180581124","__route__":"gate.gateHandler.queryEntry"},"time":"09120943","timeUsed":0}
[2017-09-12 09:43:01.408] [INFO] con-log - [32m[/app/TelCatCallServer/game-server/node_modules/pomelo/lib/filters/handler/time.js] [39m{"route":"gate.gateHandler.queryEntry","args":{"uid":"test<-->browser<-->1505180581152","__route__":"gate.gateHandler.queryEntry"},"time":"09120943","timeUsed":0}
[2017-09-12 10:16:26.525] [INFO] con-log - [32m[/app/TelCatCallServer/game-server/node_modules/pomelo/lib/filters/handler/time.js] [39m{"route":"gate.gateHandler.queryEntry","args":{"uid":"test<-->browser<-->1505182586145","__route__":"gate.gateHandler.queryEntry"},"time":"09121016","timeUsed":2}
[2017-09-12 10:16:30.657] [INFO] con-log - [32m[/app/TelCatCallServer/game-server/node_modules/pomelo/lib/filters/handler/time.js] [39m{"route":"gate.gateHandler.queryEntry","args":{"uid":"test<-->browser<-->1505182590421","__route__":"gate.gateHandler.queryEntry"},"time":"09121016","timeUsed":1}
[2017-09-12 10:43:55.909] [INFO] con-log - [32m[/app/TelCatCallServer/game-server/node_modules/pomelo/lib/filters/handler/time.js] [39m{"route":"gate.gateHandler.queryEntry","args":{"uid":"test<-->browser<-->1505184235711","__route__":"gate.gateHandler.queryEntry"},"time":"09121043","timeUsed":1}
[2017-09-12 10:44:02.822] [INFO] con-log - [32m[/app/TelCatCallServer/game-server/node_modules/pomelo/lib/filters/handler/time.js] [39m{"route":"gate.gateHandler.queryEntry","args":{"uid":"test<-->browser<-->1505184242628","__route__":"gate.gateHandler.queryEntry"},"time":"09121044","timeUsed":0}
[2017-09-12 10:44:52.469] [INFO] con-log - [32m[/app/TelCatCallServer/game-server/node_modules/pomelo/lib/filters/handler/time.js] [39m{"route":"gate.gateHandler.queryEntry","args":{"uid":"test<-->browser<-->1505184292274","__route__":"gate.gateHandler.queryEntry"},"time":"09121044","timeUsed":0}
[2017-09-12 10:44:59.367] [INFO] con-log - [32m[/app/TelCatCallServer/game-server/node_modules/pomelo/lib/filters/handler/time.js] [39m{"route":"gate.gateHandler.queryEntry","args":{"uid":"test<-->browser<-->1505184299226","__route__":"gate.gateHandler.queryEntry"},"time":"09121044","timeUsed":0}
[2017-09-12 10:45:00.144] [INFO] con-log - [32m[/app/TelCatCallServer/game-server/node_modules/pomelo/lib/filters/handler/time.js] [39m{"route":"gate.gateHandler.queryEntry","args":{"uid":"test<-->browser<-->1505184299989","__route__":"gate.gateHandler.queryEntry"},"time":"09121045","timeUsed":0}
[2017-09-12 10:47:29.706] [INFO] con-log - [32m[/app/TelCatCallServer/game-server/node_modules/pomelo/lib/filters/handler/time.js] [39m{"route":"gate.gateHandler.queryEntry","args":{"uid":"test<-->browser<-->1505184449582","__route__":"gate.gateHandler.queryEntry"},"time":"09121047","timeUsed":0}
[2017-09-12 10:47:29.949] [INFO] con-log - [32m[/app/TelCatCallServer/game-server/node_modules/pomelo/lib/filters/handler/time.js] [39m{"route":"gate.gateHandler.queryEntry","args":{"uid":"test<-->browser<-->1505184449650","__route__":"gate.gateHandler.queryEntry"},"time":"09121047","timeUsed":0}
[2017-09-12 10:48:13.364] [INFO] con-log - [32m[/app/TelCatCallServer/game-server/node_modules/pomelo/lib/filters/handler/time.js] [39m{"route":"gate.gateHandler.queryEntry","args":{"uid":"test<-->browser<-->1505184493225","__route__":"gate.gateHandler.queryEntry"},"time":"09121048","timeUsed":0}
[2017-09-12 10:48:14.206] [INFO] con-log - [32m[/app/TelCatCallServer/game-server/node_modules/pomelo/lib/filters/handler/time.js] [39m{"route":"gate.gateHandler.queryEntry","args":{"uid":"test<-->browser<-->1505184494057","__route__":"gate.gateHandler.queryEntry"},"time":"09121048","timeUsed":0}
[2017-09-12 10:48:27.095] [INFO] con-log - [32m[/app/TelCatCallServer/game-server/node_modules/pomelo/lib/filters/handler/time.js] [39m{"route":"gate.gateHandler.queryEntry","args":{"uid":"test<-->browser<-->1505184506891","__route__":"gate.gateHandler.queryEntry"},"time":"09121048","timeUsed":0}
[2017-09-12 10:48:43.678] [INFO] con-log - [32m[/app/TelCatCallServer/game-server/node_modules/pomelo/lib/filters/handler/time.js] [39m{"route":"gate.gateHandler.queryEntry","args":{"uid":"test<-->browser<-->1505184523487","__route__":"gate.gateHandler.queryEntry"},"time":"09121048","timeUsed":1}
[2017-09-12 11:38:43.209] [INFO] con-log - [32m[/app/TelCatCallServer/game-server/node_modules/pomelo/lib/filters/handler/time.js] [39m{"route":"gate.gateHandler.queryEntry","args":{"uid":"test<-->browser<-->1505187523047","__route__":"gate.gateHandler.queryEntry"},"time":"09121138","timeUsed":0}
[2017-09-12 11:38:43.220] [INFO] con-log - [32m[/app/TelCatCallServer/game-server/node_modules/pomelo/lib/filters/handler/time.js] [39m{"route":"gate.gateHandler.queryEntry","args":{"uid":"test<-->browser<-->1505187523073","__route__":"gate.gateHandler.queryEntry"},"time":"09121138","timeUsed":0}
[2017-09-12 11:39:33.269] [INFO] con-log - [32m[/app/TelCatCallServer/game-server/node_modules/pomelo/lib/filters/handler/time.js] [39m{"route":"gate.gateHandler.queryEntry","args":{"uid":"test<-->browser<-->1505187573019","__route__":"gate.gateHandler.queryEntry"},"time":"09121139","timeUsed":1}
[2017-09-12 11:39:33.300] [INFO] con-log - [32m[/app/TelCatCallServer/game-server/node_modules/pomelo/lib/filters/handler/time.js] [39m{"route":"gate.gateHandler.queryEntry","args":{"uid":"test<-->browser<-->1505187573040","__route__":"gate.gateHandler.queryEntry"},"time":"09121139","timeUsed":0}
[2017-09-12 11:40:17.142] [INFO] con-log - [32m[/app/TelCatCallServer/game-server/node_modules/pomelo/lib/filters/handler/time.js] [39m{"route":"gate.gateHandler.queryEntry","args":{"uid":"test<-->browser<-->1505187616964","__route__":"gate.gateHandler.queryEntry"},"time":"09121140","timeUsed":0}
[2017-09-12 11:40:17.948] [INFO] con-log - [32m[/app/TelCatCallServer/game-server/node_modules/pomelo/lib/filters/handler/time.js] [39m{"route":"gate.gateHandler.queryEntry","args":{"uid":"test<-->browser<-->1505187617747","__route__":"gate.gateHandler.queryEntry"},"time":"09121140","timeUsed":0}
[2017-09-12 11:40:52.913] [INFO] con-log - [32m[/app/TelCatCallServer/game-server/node_modules/pomelo/lib/filters/handler/time.js] [39m{"route":"gate.gateHandler.queryEntry","args":{"uid":"test<-->browser<-->1505187652700","__route__":"gate.gateHandler.queryEntry"},"time":"09121140","timeUsed":0}
[2017-09-12 11:40:59.064] [INFO] con-log - [32m[/app/TelCatCallServer/game-server/node_modules/pomelo/lib/filters/handler/time.js] [39m{"route":"gate.gateHandler.queryEntry","args":{"uid":"test<-->browser<-->1505187658877","__route__":"gate.gateHandler.queryEntry"},"time":"09121140","timeUsed":0}
[2017-09-12 12:20:41.480] [INFO] con-log - [32m[/app/TelCatCallServer/game-server/node_modules/pomelo/lib/filters/handler/time.js] [39m{"route":"gate.gateHandler.queryEntry","args":{"uid":"test<-->browser<-->1505190041329","__route__":"gate.gateHandler.queryEntry"},"time":"09121220","timeUsed":0}
[2017-09-12 12:20:41.528] [INFO] con-log - [32m[/app/TelCatCallServer/game-server/node_modules/pomelo/lib/filters/handler/time.js] [39m{"route":"gate.gateHandler.queryEntry","args":{"uid":"test<-->browser<-->1505190041353","__route__":"gate.gateHandler.queryEntry"},"time":"09121220","timeUsed":0}
[2017-09-12 12:20:48.161] [INFO] con-log - [32m[/app/TelCatCallServer/game-server/node_modules/pomelo/lib/filters/handler/time.js] [39m{"route":"gate.gateHandler.queryEntry","args":{"uid":"test<-->browser<-->1505190047989","__route__":"gate.gateHandler.queryEntry"},"time":"09121220","timeUsed":0}
[2017-09-12 12:21:01.274] [INFO] con-log - [32m[/app/TelCatCallServer/game-server/node_modules/pomelo/lib/filters/handler/time.js] [39m{"route":"gate.gateHandler.queryEntry","args":{"uid":"test<-->browser<-->1505190061137","__route__":"gate.gateHandler.queryEntry"},"time":"09121221","timeUsed":0}
[2017-09-12 12:21:06.173] [INFO] con-log - [32m[/app/TelCatCallServer/game-server/node_modules/pomelo/lib/filters/handler/time.js] [39m{"route":"gate.gateHandler.queryEntry","args":{"uid":"test<-->browser<-->1505190066010","__route__":"gate.gateHandler.queryEntry"},"time":"09121221","timeUsed":0}
[2017-09-12 12:21:21.706] [INFO] con-log - [32m[/app/TelCatCallServer/game-server/node_modules/pomelo/lib/filters/handler/time.js] [39m{"route":"gate.gateHandler.queryEntry","args":{"uid":"test<-->browser<-->1505190081557","__route__":"gate.gateHandler.queryEntry"},"time":"09121221","timeUsed":0}
[2017-09-12 12:21:26.108] [INFO] con-log - [32m[/app/TelCatCallServer/game-server/node_modules/pomelo/lib/filters/handler/time.js] [39m{"route":"gate.gateHandler.queryEntry","args":{"uid":"test<-->browser<-->1505190085956","__route__":"gate.gateHandler.queryEntry"},"time":"09121221","timeUsed":0}
[2017-09-12 12:21:46.290] [INFO] con-log - [32m[/app/TelCatCallServer/game-server/node_modules/pomelo/lib/filters/handler/time.js] [39m{"route":"gate.gateHandler.queryEntry","args":{"uid":"test<-->browser<-->1505190106144","__route__":"gate.gateHandler.queryEntry"},"time":"09121221","timeUsed":0}
[2017-09-12 14:32:29.409] [INFO] con-log - [32m[/app/TelCatCallServer/game-server/node_modules/pomelo/lib/filters/handler/time.js] [39m{"route":"gate.gateHandler.queryEntry","args":{"uid":"test<-->browser<-->1505197949259","__route__":"gate.gateHandler.queryEntry"},"time":"09121432","timeUsed":3}
[2017-09-12 14:32:35.380] [INFO] con-log - [32m[/app/TelCatCallServer/game-server/node_modules/pomelo/lib/filters/handler/time.js] [39m{"route":"gate.gateHandler.queryEntry","args":{"uid":"test<-->browser<-->1505197955245","__route__":"gate.gateHandler.queryEntry"},"time":"09121432","timeUsed":0}
[2017-09-12 14:32:47.155] [INFO] con-log - [32m[/app/TelCatCallServer/game-server/node_modules/pomelo/lib/filters/handler/time.js] [39m{"route":"gate.gateHandler.queryEntry","args":{"uid":"test<-->browser<-->1505197967018","__route__":"gate.gateHandler.queryEntry"},"time":"09121432","timeUsed":0}
[2017-09-12 14:33:33.201] [INFO] con-log - [32m[/app/TelCatCallServer/game-server/node_modules/pomelo/lib/filters/handler/time.js] [39m{"route":"gate.gateHandler.queryEntry","args":{"uid":"test<-->browser<-->1505198012979","__route__":"gate.gateHandler.queryEntry"},"time":"09121433","timeUsed":0}
[2017-09-12 14:33:33.290] [INFO] con-log - [32m[/app/TelCatCallServer/game-server/node_modules/pomelo/lib/filters/handler/time.js] [39m{"route":"gate.gateHandler.queryEntry","args":{"uid":"test<-->browser<-->1505198013039","__route__":"gate.gateHandler.queryEntry"},"time":"09121433","timeUsed":0}
[2017-09-12 14:33:33.298] [INFO] con-log - [32m[/app/TelCatCallServer/game-server/node_modules/pomelo/lib/filters/handler/time.js] [39m{"route":"gate.gateHandler.queryEntry","args":{"uid":"test<-->browser<-->1505198013033","__route__":"gate.gateHandler.queryEntry"},"time":"09121433","timeUsed":0}
[2017-09-12 20:54:24.222] [INFO] con-log - [32m[/app/TelCatCallServer/game-server/node_modules/pomelo/lib/filters/handler/time.js] [39m{"route":"gate.gateHandler.queryEntry","args":{"uid":"test<-->browser<-->1505220864024","__route__":"gate.gateHandler.queryEntry"},"time":"09122054","timeUsed":2}
[2017-09-12 20:54:37.442] [INFO] con-log - [32m[/app/TelCatCallServer/game-server/node_modules/pomelo/lib/filters/handler/time.js] [39m{"route":"gate.gateHandler.queryEntry","args":{"uid":"test<-->browser<-->1505220877262","__route__":"gate.gateHandler.queryEntry"},"time":"09122054","timeUsed":1}
[2017-09-12 20:54:37.521] [INFO] con-log - [32m[/app/TelCatCallServer/game-server/node_modules/pomelo/lib/filters/handler/time.js] [39m{"route":"gate.gateHandler.queryEntry","args":{"uid":"test<-->browser<-->1505220877340","__route__":"gate.gateHandler.queryEntry"},"time":"09122054","timeUsed":0}
[2017-09-12 21:42:36.504] [INFO] con-log - [32m[/app/TelCatCallServer/game-server/node_modules/pomelo/lib/filters/handler/time.js] [39m{"route":"gate.gateHandler.queryEntry","args":{"uid":"test<-->browser<-->1505223756371","__route__":"gate.gateHandler.queryEntry"},"time":"09122142","timeUsed":0}
[2017-09-12 21:45:28.900] [INFO] con-log - [32m[/app/TelCatCallServer/game-server/node_modules/pomelo/lib/filters/handler/time.js] [39m{"route":"gate.gateHandler.queryEntry","args":{"uid":"test<-->browser<-->1505223928757","__route__":"gate.gateHandler.queryEntry"},"time":"09122145","timeUsed":0}
[2017-09-12 21:46:36.039] [INFO] con-log - [32m[/app/TelCatCallServer/game-server/node_modules/pomelo/lib/filters/handler/time.js] [39m{"route":"gate.gateHandler.queryEntry","args":{"uid":"test<-->browser<-->1505223995876","__route__":"gate.gateHandler.queryEntry"},"time":"09122146","timeUsed":1}
[2017-09-12 21:46:53.575] [INFO] con-log - [32m[/app/TelCatCallServer/game-server/node_modules/pomelo/lib/filters/handler/time.js] [39m{"route":"gate.gateHandler.queryEntry","args":{"uid":"test<-->browser<-->1505224013457","__route__":"gate.gateHandler.queryEntry"},"time":"09122146","timeUsed":0}
[2017-09-12 21:47:37.448] [INFO] con-log - [32m[/app/TelCatCallServer/game-server/node_modules/pomelo/lib/filters/handler/time.js] [39m{"route":"gate.gateHandler.queryEntry","args":{"uid":"test<-->browser<-->1505224057329","__route__":"gate.gateHandler.queryEntry"},"time":"09122147","timeUsed":0}
[2017-09-12 21:47:52.807] [INFO] con-log - [32m[/app/TelCatCallServer/game-server/node_modules/pomelo/lib/filters/handler/time.js] [39m{"route":"gate.gateHandler.queryEntry","args":{"uid":"test<-->browser<-->1505224072676","__route__":"gate.gateHandler.queryEntry"},"time":"09122147","timeUsed":0}
[2017-09-12 21:48:22.768] [INFO] con-log - [32m[/app/TelCatCallServer/game-server/node_modules/pomelo/lib/filters/handler/time.js] [39m{"route":"gate.gateHandler.queryEntry","args":{"uid":"test<-->browser<-->1505224102627","__route__":"gate.gateHandler.queryEntry"},"time":"09122148","timeUsed":0}
[2017-09-12 21:48:58.355] [INFO] con-log - [32m[/app/TelCatCallServer/game-server/node_modules/pomelo/lib/filters/handler/time.js] [39m{"route":"gate.gateHandler.queryEntry","args":{"uid":"test<-->browser<-->1505224138211","__route__":"gate.gateHandler.queryEntry"},"time":"09122148","timeUsed":0}
[2017-09-12 22:21:49.652] [INFO] con-log - [32m[/app/TelCatCallServer/game-server/node_modules/pomelo/lib/filters/handler/time.js] [39m{"route":"gate.gateHandler.queryEntry","args":{"uid":"test<-->browser<-->1505226109504","__route__":"gate.gateHandler.queryEntry"},"time":"09122221","timeUsed":0}
[2017-09-12 22:21:50.514] [INFO] con-log - [32m[/app/TelCatCallServer/game-server/node_modules/pomelo/lib/filters/handler/time.js] [39m{"route":"gate.gateHandler.queryEntry","args":{"uid":"test<-->browser<-->1505226110350","__route__":"gate.gateHandler.queryEntry"},"time":"09122221","timeUsed":0}
[2017-09-12 22:54:39.436] [INFO] con-log - [32m[/app/TelCatCallServer/game-server/node_modules/pomelo/lib/filters/handler/time.js] [39m{"route":"gate.gateHandler.queryEntry","args":{"uid":"test<-->browser<-->1505228079387","__route__":"gate.gateHandler.queryEntry"},"time":"09122254","timeUsed":0}
[2017-09-12 22:54:39.599] [INFO] con-log - [32m[/app/TelCatCallServer/game-server/node_modules/pomelo/lib/filters/handler/time.js] [39m{"route":"gate.gateHandler.queryEntry","args":{"uid":"test<-->browser<-->1505228079464","__route__":"gate.gateHandler.queryEntry"},"time":"09122254","timeUsed":0}
[2017-09-12 22:58:24.956] [INFO] con-log - [32m[/app/TelCatCallServer/game-server/node_modules/pomelo/lib/filters/handler/time.js] [39m{"route":"gate.gateHandler.queryEntry","args":{"uid":"test<-->browser<-->1505228304813","__route__":"gate.gateHandler.queryEntry"},"time":"09122258","timeUsed":1}
[2017-09-12 22:59:54.418] [INFO] con-log - [32m[/app/TelCatCallServer/game-server/node_modules/pomelo/lib/filters/handler/time.js] [39m{"route":"gate.gateHandler.queryEntry","args":{"uid":"test<-->browser<-->1505228394283","__route__":"gate.gateHandler.queryEntry"},"time":"09122259","timeUsed":2}
[2017-09-12 23:00:31.093] [INFO] con-log - [32m[/app/TelCatCallServer/game-server/node_modules/pomelo/lib/filters/handler/time.js] [39m{"route":"gate.gateHandler.queryEntry","args":{"uid":"test<-->browser<-->1505228430943","__route__":"gate.gateHandler.queryEntry"},"time":"09122300","timeUsed":2}
[2017-09-12 23:03:56.981] [INFO] con-log - [32m[/app/TelCatCallServer/game-server/node_modules/pomelo/lib/filters/handler/time.js] [39m{"route":"gate.gateHandler.queryEntry","args":{"uid":"test<-->browser<-->1505228636818","__route__":"gate.gateHandler.queryEntry"},"time":"09122303","timeUsed":2}
[2017-09-12 23:05:49.029] [INFO] con-log - [32m[/app/TelCatCallServer/game-server/node_modules/pomelo/lib/filters/handler/time.js] [39m{"route":"gate.gateHandler.queryEntry","args":{"uid":"test<-->browser<-->1505228748872","__route__":"gate.gateHandler.queryEntry"},"time":"09122305","timeUsed":2}
[2017-09-12 23:06:51.113] [INFO] con-log - [32m[/app/TelCatCallServer/game-server/node_modules/pomelo/lib/filters/handler/time.js] [39m{"route":"gate.gateHandler.queryEntry","args":{"uid":"test<-->browser<-->1505228810981","__route__":"gate.gateHandler.queryEntry"},"time":"09122306","timeUsed":1}
[2017-09-12 23:08:53.852] [INFO] con-log - [32m[/app/TelCatCallServer/game-server/node_modules/pomelo/lib/filters/handler/time.js] [39m{"route":"gate.gateHandler.queryEntry","args":{"uid":"test<-->browser<-->1505228933704","__route__":"gate.gateHandler.queryEntry"},"time":"09122308","timeUsed":2}
[2017-09-12 23:09:19.599] [INFO] con-log - [32m[/app/TelCatCallServer/game-server/node_modules/pomelo/lib/filters/handler/time.js] [39m{"route":"gate.gateHandler.queryEntry","args":{"uid":"test<-->browser<-->1505228959449","__route__":"gate.gateHandler.queryEntry"},"time":"09122309","timeUsed":2}
[2017-09-12 23:09:43.783] [INFO] con-log - [32m[/app/TelCatCallServer/game-server/node_modules/pomelo/lib/filters/handler/time.js] [39m{"route":"gate.gateHandler.queryEntry","args":{"uid":"test<-->browser<-->1505228983636","__route__":"gate.gateHandler.queryEntry"},"time":"09122309","timeUsed":3}
[2017-09-12 23:09:47.575] [INFO] con-log - [32m[/app/TelCatCallServer/game-server/node_modules/pomelo/lib/filters/handler/time.js] [39m{"route":"gate.gateHandler.queryEntry","args":{"uid":"test<-->browser<-->1505228987501","__route__":"gate.gateHandler.queryEntry"},"time":"09122309","timeUsed":0}
[2017-09-12 23:09:59.663] [INFO] con-log - [32m[/app/TelCatCallServer/game-server/node_modules/pomelo/lib/filters/handler/time.js] [39m{"route":"gate.gateHandler.queryEntry","args":{"uid":"test<-->browser<-->1505228999523","__route__":"gate.gateHandler.queryEntry"},"time":"09122309","timeUsed":0}
[2017-09-12 23:10:00.392] [INFO] con-log - [32m[/app/TelCatCallServer/game-server/node_modules/pomelo/lib/filters/handler/time.js] [39m{"route":"gate.gateHandler.queryEntry","args":{"uid":"test<-->browser<-->1505229000242","__route__":"gate.gateHandler.queryEntry"},"time":"09122310","timeUsed":0}
[2017-09-12 23:36:43.062] [INFO] con-log - [32m[/app/TelCatCallServer/game-server/node_modules/pomelo/lib/filters/handler/time.js] [39m{"route":"gate.gateHandler.queryEntry","args":{"uid":"test<-->browser<-->1505230602934","__route__":"gate.gateHandler.queryEntry"},"time":"09122336","timeUsed":0}
[2017-09-12 23:52:30.497] [INFO] con-log - [32m[/app/TelCatCallServer/game-server/node_modules/pomelo/lib/filters/handler/time.js] [39m{"route":"gate.gateHandler.queryEntry","args":{"uid":"test<-->browser<-->1505231550367","__route__":"gate.gateHandler.queryEntry"},"time":"09122352","timeUsed":0}
[2017-09-13 00:43:16.358] [INFO] con-log - [32m[/app/TelCatCallServer/game-server/node_modules/pomelo/lib/filters/handler/time.js] [39m{"route":"gate.gateHandler.queryEntry","args":{"uid":"test<-->browser<-->1505234596151","__route__":"gate.gateHandler.queryEntry"},"time":"09130043","timeUsed":3}
[2017-09-13 00:43:16.379] [INFO] con-log - [32m[/app/TelCatCallServer/game-server/node_modules/pomelo/lib/filters/handler/time.js] [39m{"route":"gate.gateHandler.queryEntry","args":{"uid":"test<-->browser<-->1505234596189","__route__":"gate.gateHandler.queryEntry"},"time":"09130043","timeUsed":0}
[2017-09-13 00:46:50.185] [INFO] con-log - [32m[/app/TelCatCallServer/game-server/node_modules/pomelo/lib/filters/handler/time.js] [39m{"route":"gate.gateHandler.queryEntry","args":{"uid":"test<-->browser<-->1505234810026","__route__":"gate.gateHandler.queryEntry"},"time":"09130046","timeUsed":0}
[2017-09-13 00:46:50.250] [INFO] con-log - [32m[/app/TelCatCallServer/game-server/node_modules/pomelo/lib/filters/handler/time.js] [39m{"route":"gate.gateHandler.queryEntry","args":{"uid":"test<-->browser<-->1505234810055","__route__":"gate.gateHandler.queryEntry"},"time":"09130046","timeUsed":0}
[2017-09-13 00:48:22.678] [INFO] con-log - [32m[/app/TelCatCallServer/game-server/node_modules/pomelo/lib/filters/handler/time.js] [39m{"route":"gate.gateHandler.queryEntry","args":{"uid":"test<-->browser<-->1505234902507","__route__":"gate.gateHandler.queryEntry"},"time":"09130048","timeUsed":0}
[2017-09-13 00:48:22.728] [INFO] con-log - [32m[/app/TelCatCallServer/game-server/node_modules/pomelo/lib/filters/handler/time.js] [39m{"route":"gate.gateHandler.queryEntry","args":{"uid":"test<-->browser<-->1505234902537","__route__":"gate.gateHandler.queryEntry"},"time":"09130048","timeUsed":0}
[2017-09-13 00:50:09.317] [INFO] con-log - [32m[/app/TelCatCallServer/game-server/node_modules/pomelo/lib/filters/handler/time.js] [39m{"route":"gate.gateHandler.queryEntry","args":{"uid":"test<-->browser<-->1505235009160","__route__":"gate.gateHandler.queryEntry"},"time":"09130050","timeUsed":0}
[2017-09-13 00:50:09.352] [INFO] con-log - [32m[/app/TelCatCallServer/game-server/node_modules/pomelo/lib/filters/handler/time.js] [39m{"route":"gate.gateHandler.queryEntry","args":{"uid":"test<-->browser<-->1505235009162","__route__":"gate.gateHandler.queryEntry"},"time":"09130050","timeUsed":0}
[2017-09-13 00:50:24.997] [INFO] con-log - [32m[/app/TelCatCallServer/game-server/node_modules/pomelo/lib/filters/handler/time.js] [39m{"route":"gate.gateHandler.queryEntry","args":{"uid":"test<-->browser<-->1505235024844","__route__":"gate.gateHandler.queryEntry"},"time":"09130050","timeUsed":0}
[2017-09-13 01:00:16.701] [INFO] con-log - [32m[/app/TelCatCallServer/game-server/node_modules/pomelo/lib/filters/handler/time.js] [39m{"route":"gate.gateHandler.queryEntry","args":{"uid":"test<-->browser<-->1505235616531","__route__":"gate.gateHandler.queryEntry"},"time":"09130100","timeUsed":0}
[2017-09-13 01:00:16.707] [INFO] con-log - [32m[/app/TelCatCallServer/game-server/node_modules/pomelo/lib/filters/handler/time.js] [39m{"route":"gate.gateHandler.queryEntry","args":{"uid":"test<-->browser<-->1505235616553","__route__":"gate.gateHandler.queryEntry"},"time":"09130100","timeUsed":0}
[2017-09-13 01:00:21.906] [INFO] con-log - [32m[/app/TelCatCallServer/game-server/node_modules/pomelo/lib/filters/handler/time.js] [39m{"route":"gate.gateHandler.queryEntry","args":{"uid":"test<-->browser<-->1505235621778","__route__":"gate.gateHandler.queryEntry"},"time":"09130100","timeUsed":0}
[2017-09-13 01:00:33.002] [INFO] con-log - [32m[/app/TelCatCallServer/game-server/node_modules/pomelo/lib/filters/handler/time.js] [39m{"route":"gate.gateHandler.queryEntry","args":{"uid":"test<-->browser<-->1505235632871","__route__":"gate.gateHandler.queryEntry"},"time":"09130100","timeUsed":0}
[2017-09-13 01:01:07.599] [INFO] con-log - [32m[/app/TelCatCallServer/game-server/node_modules/pomelo/lib/filters/handler/time.js] [39m{"route":"gate.gateHandler.queryEntry","args":{"uid":"test<-->browser<-->1505235667432","__route__":"gate.gateHandler.queryEntry"},"time":"09130101","timeUsed":0}
[2017-09-13 01:01:07.613] [INFO] con-log - [32m[/app/TelCatCallServer/game-server/node_modules/pomelo/lib/filters/handler/time.js] [39m{"route":"gate.gateHandler.queryEntry","args":{"uid":"test<-->browser<-->1505235667442","__route__":"gate.gateHandler.queryEntry"},"time":"09130101","timeUsed":0}
[2017-09-13 01:01:40.426] [INFO] con-log - [32m[/app/TelCatCallServer/game-server/node_modules/pomelo/lib/filters/handler/time.js] [39m{"route":"gate.gateHandler.queryEntry","args":{"uid":"test<-->browser<-->1505235700251","__route__":"gate.gateHandler.queryEntry"},"time":"09130101","timeUsed":1}
[2017-09-13 01:01:52.505] [INFO] con-log - [32m[/app/TelCatCallServer/game-server/node_modules/pomelo/lib/filters/handler/time.js] [39m{"route":"gate.gateHandler.queryEntry","args":{"uid":"test<-->browser<-->1505235712370","__route__":"gate.gateHandler.queryEntry"},"time":"09130101","timeUsed":0}
[2017-09-13 01:02:47.988] [INFO] con-log - [32m[/app/TelCatCallServer/game-server/node_modules/pomelo/lib/filters/handler/time.js] [39m{"route":"gate.gateHandler.queryEntry","args":{"uid":"test<-->browser<-->1505235767803","__route__":"gate.gateHandler.queryEntry"},"time":"09130102","timeUsed":0}
[2017-09-13 01:02:48.041] [INFO] con-log - [32m[/app/TelCatCallServer/game-server/node_modules/pomelo/lib/filters/handler/time.js] [39m{"route":"gate.gateHandler.queryEntry","args":{"uid":"test<-->browser<-->1505235767803","__route__":"gate.gateHandler.queryEntry"},"time":"09130102","timeUsed":0}
[2017-09-13 01:03:00.529] [INFO] con-log - [32m[/app/TelCatCallServer/game-server/node_modules/pomelo/lib/filters/handler/time.js] [39m{"route":"gate.gateHandler.queryEntry","args":{"uid":"test<-->browser<-->1505235780391","__route__":"gate.gateHandler.queryEntry"},"time":"09130103","timeUsed":0}
[2017-09-13 01:03:31.412] [INFO] con-log - [32m[/app/TelCatCallServer/game-server/node_modules/pomelo/lib/filters/handler/time.js] [39m{"route":"gate.gateHandler.queryEntry","args":{"uid":"test<-->browser<-->1505235811246","__route__":"gate.gateHandler.queryEntry"},"time":"09130103","timeUsed":0}
[2017-09-13 01:03:31.452] [INFO] con-log - [32m[/app/TelCatCallServer/game-server/node_modules/pomelo/lib/filters/handler/time.js] [39m{"route":"gate.gateHandler.queryEntry","args":{"uid":"test<-->browser<-->1505235811288","__route__":"gate.gateHandler.queryEntry"},"time":"09130103","timeUsed":0}
[2017-09-13 11:07:05.497] [INFO] con-log - [32m[/app/TelCatCallServer/game-server/node_modules/pomelo/lib/filters/handler/time.js] [39m{"route":"gate.gateHandler.queryEntry","args":{"uid":"test<-->browser<-->1505272025345","__route__":"gate.gateHandler.queryEntry"},"time":"09131107","timeUsed":0}
[2017-09-13 11:07:05.596] [INFO] con-log - [32m[/app/TelCatCallServer/game-server/node_modules/pomelo/lib/filters/handler/time.js] [39m{"route":"gate.gateHandler.queryEntry","args":{"uid":"test<-->browser<-->1505272025398","__route__":"gate.gateHandler.queryEntry"},"time":"09131107","timeUsed":1}
[2017-09-13 11:07:17.495] [INFO] con-log - [32m[/app/TelCatCallServer/game-server/node_modules/pomelo/lib/filters/handler/time.js] [39m{"route":"gate.gateHandler.queryEntry","args":{"uid":"test<-->browser<-->1505272037340","__route__":"gate.gateHandler.queryEntry"},"time":"09131107","timeUsed":0}
[2017-09-13 11:07:55.182] [INFO] con-log - [32m[/app/TelCatCallServer/game-server/node_modules/pomelo/lib/filters/handler/time.js] [39m{"route":"gate.gateHandler.queryEntry","args":{"uid":"test<-->browser<-->1505272075044","__route__":"gate.gateHandler.queryEntry"},"time":"09131107","timeUsed":1}
[2017-09-13 11:08:04.134] [INFO] con-log - [32m[/app/TelCatCallServer/game-server/node_modules/pomelo/lib/filters/handler/time.js] [39m{"route":"gate.gateHandler.queryEntry","args":{"uid":"test<-->browser<-->1505272084000","__route__":"gate.gateHandler.queryEntry"},"time":"09131108","timeUsed":0}
[2017-09-13 11:09:06.461] [INFO] con-log - [32m[/app/TelCatCallServer/game-server/node_modules/pomelo/lib/filters/handler/time.js] [39m{"route":"gate.gateHandler.queryEntry","args":{"uid":"test<-->browser<-->1505272146272","__route__":"gate.gateHandler.queryEntry"},"time":"09131109","timeUsed":0}
[2017-09-13 11:09:06.472] [INFO] con-log - [32m[/app/TelCatCallServer/game-server/node_modules/pomelo/lib/filters/handler/time.js] [39m{"route":"gate.gateHandler.queryEntry","args":{"uid":"test<-->browser<-->1505272146303","__route__":"gate.gateHandler.queryEntry"},"time":"09131109","timeUsed":0}
[2017-09-13 11:11:01.649] [INFO] con-log - [32m[/app/TelCatCallServer/game-server/node_modules/pomelo/lib/filters/handler/time.js] [39m{"route":"gate.gateHandler.queryEntry","args":{"uid":"test<-->browser<-->1505272261451","__route__":"gate.gateHandler.queryEntry"},"time":"09131111","timeUsed":0}
[2017-09-13 11:11:01.657] [INFO] con-log - [32m[/app/TelCatCallServer/game-server/node_modules/pomelo/lib/filters/handler/time.js] [39m{"route":"gate.gateHandler.queryEntry","args":{"uid":"test<-->browser<-->1505272261462","__route__":"gate.gateHandler.queryEntry"},"time":"09131111","timeUsed":0}
[2017-09-13 11:11:05.196] [INFO] con-log - [32m[/app/TelCatCallServer/game-server/node_modules/pomelo/lib/filters/handler/time.js] [39m{"route":"gate.gateHandler.queryEntry","args":{"uid":"test<-->browser<-->1505272265072","__route__":"gate.gateHandler.queryEntry"},"time":"09131111","timeUsed":0}
[2017-09-13 11:23:41.212] [INFO] con-log - [32m[/app/TelCatCallServer/game-server/node_modules/pomelo/lib/filters/handler/time.js] [39m{"route":"gate.gateHandler.queryEntry","args":{"uid":"test<-->browser<-->1505273021066","__route__":"gate.gateHandler.queryEntry"},"time":"09131123","timeUsed":0}
[2017-09-13 11:23:41.257] [INFO] con-log - [32m[/app/TelCatCallServer/game-server/node_modules/pomelo/lib/filters/handler/time.js] [39m{"route":"gate.gateHandler.queryEntry","args":{"uid":"test<-->browser<-->1505273021079","__route__":"gate.gateHandler.queryEntry"},"time":"09131123","timeUsed":0}
[2017-09-13 11:34:27.514] [INFO] con-log - [32m[/app/TelCatCallServer/game-server/node_modules/pomelo/lib/filters/handler/time.js] [39m{"route":"gate.gateHandler.queryEntry","args":{"uid":"test<-->browser<-->1505273667378","__route__":"gate.gateHandler.queryEntry"},"time":"09131134","timeUsed":0}
[2017-09-13 11:34:27.526] [INFO] con-log - [32m[/app/TelCatCallServer/game-server/node_modules/pomelo/lib/filters/handler/time.js] [39m{"route":"gate.gateHandler.queryEntry","args":{"uid":"test<-->browser<-->1505273667366","__route__":"gate.gateHandler.queryEntry"},"time":"09131134","timeUsed":0}
[2017-09-13 11:41:28.211] [INFO] con-log - [32m[/app/TelCatCallServer/game-server/node_modules/pomelo/lib/filters/handler/time.js] [39m{"route":"gate.gateHandler.queryEntry","args":{"uid":"test<-->browser<-->1505274088049","__route__":"gate.gateHandler.queryEntry"},"time":"09131141","timeUsed":0}
[2017-09-13 11:41:28.264] [INFO] con-log - [32m[/app/TelCatCallServer/game-server/node_modules/pomelo/lib/filters/handler/time.js] [39m{"route":"gate.gateHandler.queryEntry","args":{"uid":"test<-->browser<-->1505274088058","__route__":"gate.gateHandler.queryEntry"},"time":"09131141","timeUsed":0}
[2017-09-13 12:26:06.244] [INFO] con-log - [32m[/app/TelCatCallServer/game-server/node_modules/pomelo/lib/filters/handler/time.js] [39m{"route":"gate.gateHandler.queryEntry","args":{"uid":"test<-->browser<-->1505276766107","__route__":"gate.gateHandler.queryEntry"},"time":"09131226","timeUsed":2}
[2017-09-13 12:26:06.295] [INFO] con-log - [32m[/app/TelCatCallServer/game-server/node_modules/pomelo/lib/filters/handler/time.js] [39m{"route":"gate.gateHandler.queryEntry","args":{"uid":"test<-->browser<-->1505276766129","__route__":"gate.gateHandler.queryEntry"},"time":"09131226","timeUsed":1}
[2017-09-13 12:26:16.792] [INFO] con-log - [32m[/app/TelCatCallServer/game-server/node_modules/pomelo/lib/filters/handler/time.js] [39m{"route":"gate.gateHandler.queryEntry","args":{"uid":"test<-->browser<-->1505276776664","__route__":"gate.gateHandler.queryEntry"},"time":"09131226","timeUsed":0}
[2017-09-13 12:28:01.867] [INFO] con-log - [32m[/app/TelCatCallServer/game-server/node_modules/pomelo/lib/filters/handler/time.js] [39m{"route":"gate.gateHandler.queryEntry","args":{"uid":"test<-->browser<-->1505276881697","__route__":"gate.gateHandler.queryEntry"},"time":"09131228","timeUsed":1}
[2017-09-13 12:28:01.921] [INFO] con-log - [32m[/app/TelCatCallServer/game-server/node_modules/pomelo/lib/filters/handler/time.js] [39m{"route":"gate.gateHandler.queryEntry","args":{"uid":"test<-->browser<-->1505276881732","__route__":"gate.gateHandler.queryEntry"},"time":"09131228","timeUsed":0}
[2017-09-13 12:28:11.139] [INFO] con-log - [32m[/app/TelCatCallServer/game-server/node_modules/pomelo/lib/filters/handler/time.js] [39m{"route":"gate.gateHandler.queryEntry","args":{"uid":"test<-->browser<-->1505276891010","__route__":"gate.gateHandler.queryEntry"},"time":"09131228","timeUsed":0}
[2017-09-13 12:29:33.472] [INFO] con-log - [32m[/app/TelCatCallServer/game-server/node_modules/pomelo/lib/filters/handler/time.js] [39m{"route":"gate.gateHandler.queryEntry","args":{"uid":"test<-->browser<-->1505276973337","__route__":"gate.gateHandler.queryEntry"},"time":"09131229","timeUsed":0}
[2017-09-13 12:32:37.768] [INFO] con-log - [32m[/app/TelCatCallServer/game-server/node_modules/pomelo/lib/filters/handler/time.js] [39m{"route":"gate.gateHandler.queryEntry","args":{"uid":"test<-->browser<-->1505277157624","__route__":"gate.gateHandler.queryEntry"},"time":"09131232","timeUsed":0}
[2017-09-13 12:32:37.800] [INFO] con-log - [32m[/app/TelCatCallServer/game-server/node_modules/pomelo/lib/filters/handler/time.js] [39m{"route":"gate.gateHandler.queryEntry","args":{"uid":"test<-->browser<-->1505277157637","__route__":"gate.gateHandler.queryEntry"},"time":"09131232","timeUsed":1}
[2017-09-13 12:32:46.821] [INFO] con-log - [32m[/app/TelCatCallServer/game-server/node_modules/pomelo/lib/filters/handler/time.js] [39m{"route":"gate.gateHandler.queryEntry","args":{"uid":"test<-->browser<-->1505277166695","__route__":"gate.gateHandler.queryEntry"},"time":"09131232","timeUsed":0}
[2017-09-13 15:18:21.823] [INFO] con-log - [32m[/app/TelCatCallServer/game-server/node_modules/pomelo/lib/filters/handler/time.js] [39m{"route":"gate.gateHandler.queryEntry","args":{"uid":"test<-->browser<-->1505287101685","__route__":"gate.gateHandler.queryEntry"},"time":"09131518","timeUsed":2}
[2017-09-13 15:18:32.188] [INFO] con-log - [32m[/app/TelCatCallServer/game-server/node_modules/pomelo/lib/filters/handler/time.js] [39m{"route":"gate.gateHandler.queryEntry","args":{"uid":"test<-->browser<-->1505287112054","__route__":"gate.gateHandler.queryEntry"},"time":"09131518","timeUsed":0}
[2017-09-13 15:22:05.560] [INFO] con-log - [32m[/app/TelCatCallServer/game-server/node_modules/pomelo/lib/filters/handler/time.js] [39m{"route":"gate.gateHandler.queryEntry","args":{"uid":"test<-->browser<-->1505287325422","__route__":"gate.gateHandler.queryEntry"},"time":"09131522","timeUsed":2}
[2017-09-13 15:22:34.747] [INFO] con-log - [32m[/app/TelCatCallServer/game-server/node_modules/pomelo/lib/filters/handler/time.js] [39m{"route":"gate.gateHandler.queryEntry","args":{"uid":"test<-->browser<-->1505287354612","__route__":"gate.gateHandler.queryEntry"},"time":"09131522","timeUsed":1}
[2017-09-13 15:24:35.393] [INFO] con-log - [32m[/app/TelCatCallServer/game-server/node_modules/pomelo/lib/filters/handler/time.js] [39m{"route":"gate.gateHandler.queryEntry","args":{"uid":"test<-->browser<-->1505287475250","__route__":"gate.gateHandler.queryEntry"},"time":"09131524","timeUsed":0}
[2017-09-13 15:25:45.988] [INFO] con-log - [32m[/app/TelCatCallServer/game-server/node_modules/pomelo/lib/filters/handler/time.js] [39m{"route":"gate.gateHandler.queryEntry","args":{"uid":"test<-->browser<-->1505287545829","__route__":"gate.gateHandler.queryEntry"},"time":"09131525","timeUsed":3}
[2017-09-13 15:25:53.883] [INFO] con-log - [32m[/app/TelCatCallServer/game-server/node_modules/pomelo/lib/filters/handler/time.js] [39m{"route":"gate.gateHandler.queryEntry","args":{"uid":"test<-->browser<-->1505287553740","__route__":"gate.gateHandler.queryEntry"},"time":"09131525","timeUsed":1}
[2017-09-13 15:32:28.408] [INFO] con-log - [32m[/app/TelCatCallServer/game-server/node_modules/pomelo/lib/filters/handler/time.js] [39m{"route":"gate.gateHandler.queryEntry","args":{"uid":"test<-->browser<-->1505287948257","__route__":"gate.gateHandler.queryEntry"},"time":"09131532","timeUsed":0}
[2017-09-13 15:32:56.574] [INFO] con-log - [32m[/app/TelCatCallServer/game-server/node_modules/pomelo/lib/filters/handler/time.js] [39m{"route":"gate.gateHandler.queryEntry","args":{"uid":"test<-->browser<-->1505287976441","__route__":"gate.gateHandler.queryEntry"},"time":"09131532","timeUsed":0}
[2017-09-13 15:34:53.463] [INFO] con-log - [32m[/app/TelCatCallServer/game-server/node_modules/pomelo/lib/filters/handler/time.js] [39m{"route":"gate.gateHandler.queryEntry","args":{"uid":"test<-->browser<-->1505288093319","__route__":"gate.gateHandler.queryEntry"},"time":"09131534","timeUsed":1}
[2017-09-13 15:34:53.556] [INFO] con-log - [32m[/app/TelCatCallServer/game-server/node_modules/pomelo/lib/filters/handler/time.js] [39m{"route":"gate.gateHandler.queryEntry","args":{"uid":"test<-->browser<-->1505288093373","__route__":"gate.gateHandler.queryEntry"},"time":"09131534","timeUsed":0}
[2017-09-13 15:35:03.848] [INFO] con-log - [32m[/app/TelCatCallServer/game-server/node_modules/pomelo/lib/filters/handler/time.js] [39m{"route":"gate.gateHandler.queryEntry","args":{"uid":"test<-->browser<-->1505288103722","__route__":"gate.gateHandler.queryEntry"},"time":"09131535","timeUsed":0}
[2017-09-13 15:35:27.745] [INFO] con-log - [32m[/app/TelCatCallServer/game-server/node_modules/pomelo/lib/filters/handler/time.js] [39m{"route":"gate.gateHandler.queryEntry","args":{"uid":"test<-->browser<-->1505288127580","__route__":"gate.gateHandler.queryEntry"},"time":"09131535","timeUsed":0}
[2017-09-13 15:38:43.511] [INFO] con-log - [32m[/app/TelCatCallServer/game-server/node_modules/pomelo/lib/filters/handler/time.js] [39m{"route":"gate.gateHandler.queryEntry","args":{"uid":"test<-->browser<-->1505288323317","__route__":"gate.gateHandler.queryEntry"},"time":"09131538","timeUsed":0}
[2017-09-13 15:38:43.517] [INFO] con-log - [32m[/app/TelCatCallServer/game-server/node_modules/pomelo/lib/filters/handler/time.js] [39m{"route":"gate.gateHandler.queryEntry","args":{"uid":"test<-->browser<-->1505288323349","__route__":"gate.gateHandler.queryEntry"},"time":"09131538","timeUsed":0}
[2017-09-13 15:39:40.353] [INFO] con-log - [32m[/app/TelCatCallServer/game-server/node_modules/pomelo/lib/filters/handler/time.js] [39m{"route":"gate.gateHandler.queryEntry","args":{"uid":"test<-->browser<-->1505288380219","__route__":"gate.gateHandler.queryEntry"},"time":"09131539","timeUsed":1}
[2017-09-13 15:39:46.465] [INFO] con-log - [32m[/app/TelCatCallServer/game-server/node_modules/pomelo/lib/filters/handler/time.js] [39m{"route":"gate.gateHandler.queryEntry","args":{"uid":"test<-->browser<-->1505288386317","__route__":"gate.gateHandler.queryEntry"},"time":"09131539","timeUsed":1}
[2017-09-13 15:39:54.245] [INFO] con-log - [32m[/app/TelCatCallServer/game-server/node_modules/pomelo/lib/filters/handler/time.js] [39m{"route":"gate.gateHandler.queryEntry","args":{"uid":"test<-->browser<-->1505288394102","__route__":"gate.gateHandler.queryEntry"},"time":"09131539","timeUsed":1}
[2017-09-13 15:40:46.000] [INFO] con-log - [32m[/app/TelCatCallServer/game-server/node_modules/pomelo/lib/filters/handler/time.js] [39m{"route":"gate.gateHandler.queryEntry","args":{"uid":"test<-->browser<-->1505288445836","__route__":"gate.gateHandler.queryEntry"},"time":"09131540","timeUsed":0}
[2017-09-13 15:40:46.032] [INFO] con-log - [32m[/app/TelCatCallServer/game-server/node_modules/pomelo/lib/filters/handler/time.js] [39m{"route":"gate.gateHandler.queryEntry","args":{"uid":"test<-->browser<-->1505288445871","__route__":"gate.gateHandler.queryEntry"},"time":"09131540","timeUsed":0}
[2017-09-13 16:04:39.207] [INFO] con-log - [32m[/app/TelCatCallServer/game-server/node_modules/pomelo/lib/filters/handler/time.js] [39m{"route":"gate.gateHandler.queryEntry","args":{"uid":"test<-->browser<-->1505289879044","__route__":"gate.gateHandler.queryEntry"},"time":"09131604","timeUsed":2}
[2017-09-13 16:04:45.300] [INFO] con-log - [32m[/app/TelCatCallServer/game-server/node_modules/pomelo/lib/filters/handler/time.js] [39m{"route":"gate.gateHandler.queryEntry","args":{"uid":"test<-->browser<-->1505289885157","__route__":"gate.gateHandler.queryEntry"},"time":"09131604","timeUsed":0}
[2017-09-13 16:07:50.585] [INFO] con-log - [32m[/app/TelCatCallServer/game-server/node_modules/pomelo/lib/filters/handler/time.js] [39m{"route":"gate.gateHandler.queryEntry","args":{"uid":"test<-->browser<-->1505290070447","__route__":"gate.gateHandler.queryEntry"},"time":"09131607","timeUsed":2}
[2017-09-13 16:07:57.528] [INFO] con-log - [32m[/app/TelCatCallServer/game-server/node_modules/pomelo/lib/filters/handler/time.js] [39m{"route":"gate.gateHandler.queryEntry","args":{"uid":"test<-->browser<-->1505290077395","__route__":"gate.gateHandler.queryEntry"},"time":"09131607","timeUsed":1}
[2017-09-13 17:02:31.861] [INFO] con-log - [32m[/app/TelCatCallServer/game-server/node_modules/pomelo/lib/filters/handler/time.js] [39m{"route":"gate.gateHandler.queryEntry","args":{"uid":"test<-->browser<-->1505293351693","__route__":"gate.gateHandler.queryEntry"},"time":"09131702","timeUsed":0}
[2017-09-13 17:02:31.912] [INFO] con-log - [32m[/app/TelCatCallServer/game-server/node_modules/pomelo/lib/filters/handler/time.js] [39m{"route":"gate.gateHandler.queryEntry","args":{"uid":"test<-->browser<-->1505293351736","__route__":"gate.gateHandler.queryEntry"},"time":"09131702","timeUsed":0}
[2017-09-13 17:05:53.894] [INFO] con-log - [32m[/app/TelCatCallServer/game-server/node_modules/pomelo/lib/filters/handler/time.js] [39m{"route":"gate.gateHandler.queryEntry","args":{"uid":"test<-->browser<-->1505293553769","__route__":"gate.gateHandler.queryEntry"},"time":"09131705","timeUsed":1}
[2017-09-13 17:05:54.711] [INFO] con-log - [32m[/app/TelCatCallServer/game-server/node_modules/pomelo/lib/filters/handler/time.js] [39m{"route":"gate.gateHandler.queryEntry","args":{"uid":"test<-->browser<-->1505293554582","__route__":"gate.gateHandler.queryEntry"},"time":"09131705","timeUsed":0}
[2017-09-13 17:06:03.551] [INFO] con-log - [32m[/app/TelCatCallServer/game-server/node_modules/pomelo/lib/filters/handler/time.js] [39m{"route":"gate.gateHandler.queryEntry","args":{"uid":"test<-->browser<-->1505293563406","__route__":"gate.gateHandler.queryEntry"},"time":"09131706","timeUsed":0}
[2017-09-13 17:06:58.893] [INFO] con-log - [32m[/app/TelCatCallServer/game-server/node_modules/pomelo/lib/filters/handler/time.js] [39m{"route":"gate.gateHandler.queryEntry","args":{"uid":"test<-->browser<-->1505293618692","__route__":"gate.gateHandler.queryEntry"},"time":"09131706","timeUsed":0}
[2017-09-13 17:06:58.907] [INFO] con-log - [32m[/app/TelCatCallServer/game-server/node_modules/pomelo/lib/filters/handler/time.js] [39m{"route":"gate.gateHandler.queryEntry","args":{"uid":"test<-->browser<-->1505293618696","__route__":"gate.gateHandler.queryEntry"},"time":"09131706","timeUsed":0}
[2017-09-13 17:07:33.359] [INFO] con-log - [32m[/app/TelCatCallServer/game-server/node_modules/pomelo/lib/filters/handler/time.js] [39m{"route":"gate.gateHandler.queryEntry","args":{"uid":"test<-->browser<-->1505293653192","__route__":"gate.gateHandler.queryEntry"},"time":"09131707","timeUsed":0}
[2017-09-13 17:07:33.381] [INFO] con-log - [32m[/app/TelCatCallServer/game-server/node_modules/pomelo/lib/filters/handler/time.js] [39m{"route":"gate.gateHandler.queryEntry","args":{"uid":"test<-->browser<-->1505293653227","__route__":"gate.gateHandler.queryEntry"},"time":"09131707","timeUsed":1}
[2017-09-13 17:16:24.154] [INFO] con-log - [32m[/app/TelCatCallServer/game-server/node_modules/pomelo/lib/filters/handler/time.js] [39m{"route":"gate.gateHandler.queryEntry","args":{"uid":"test<-->browser<-->1505294184129","__route__":"gate.gateHandler.queryEntry"},"time":"09131716","timeUsed":0}
[2017-09-13 17:17:25.524] [INFO] con-log - [32m[/app/TelCatCallServer/game-server/node_modules/pomelo/lib/filters/handler/time.js] [39m{"route":"gate.gateHandler.queryEntry","args":{"uid":"test<-->browser<-->1505294245500","__route__":"gate.gateHandler.queryEntry"},"time":"09131717","timeUsed":0}
[2017-09-13 17:17:32.853] [INFO] con-log - [32m[/app/TelCatCallServer/game-server/node_modules/pomelo/lib/filters/handler/time.js] [39m{"route":"gate.gateHandler.queryEntry","args":{"uid":"test<-->browser<-->1505294252713","__route__":"gate.gateHandler.queryEntry"},"time":"09131717","timeUsed":0}
[2017-09-13 18:02:59.015] [INFO] con-log - [32m[/app/TelCatCallServer/game-server/node_modules/pomelo/lib/filters/handler/time.js] [39m{"route":"gate.gateHandler.queryEntry","args":{"uid":"test<-->browser<-->1505296978991","__route__":"gate.gateHandler.queryEntry"},"time":"09131802","timeUsed":0}
[2017-09-13 18:35:17.402] [INFO] con-log - [32m[/app/TelCatCallServer/game-server/node_modules/pomelo/lib/filters/handler/time.js] [39m{"route":"gate.gateHandler.queryEntry","args":{"uid":"test<-->browser<-->1505298917378","__route__":"gate.gateHandler.queryEntry"},"time":"09131835","timeUsed":0}
[2017-09-13 19:03:10.645] [INFO] con-log - [32m[/app/TelCatCallServer/game-server/node_modules/pomelo/lib/filters/handler/time.js] [39m{"route":"gate.gateHandler.queryEntry","args":{"uid":"test<-->browser<-->1505300590621","__route__":"gate.gateHandler.queryEntry"},"time":"09131903","timeUsed":0}
[2017-09-13 19:04:22.377] [INFO] con-log - [32m[/app/TelCatCallServer/game-server/node_modules/pomelo/lib/filters/handler/time.js] [39m{"route":"gate.gateHandler.queryEntry","args":{"uid":"test<-->browser<-->1505300662362","__route__":"gate.gateHandler.queryEntry"},"time":"09131904","timeUsed":0}
[2017-09-13 19:04:43.377] [INFO] con-log - [32m[/app/TelCatCallServer/game-server/node_modules/pomelo/lib/filters/handler/time.js] [39m{"route":"gate.gateHandler.queryEntry","args":{"uid":"test<-->browser<-->1505300683353","__route__":"gate.gateHandler.queryEntry"},"time":"09131904","timeUsed":0}
