[2017-09-06 15:11:01.877] [INFO] pomelo - [32m[/app/TelCatCallServer/game-server/node_modules/pomelo/lib/application.js] [39mapplication inited: "connector-server-1"
[2017-09-06 15:11:02.238] [INFO] pomelo - [32m[/app/TelCatCallServer/game-server/node_modules/pomelo/lib/application.js] [39m"connector-server-1" enter after start...
[2017-09-06 15:11:02.324] [INFO] pomelo - [32m[/app/TelCatCallServer/game-server/node_modules/pomelo/lib/application.js] [39m"connector-server-1" finish start
[2017-09-06 15:11:02.324] [INFO] pomelo - [32m[/app/TelCatCallServer/game-server/node_modules/pomelo/lib/application.js] [39m"connector-server-1" startup in 431 ms
[2017-09-06 15:11:03.131] [DEBUG] pomelo - [36m[/app/TelCatCallServer/game-server/node_modules/pomelo/lib/modules/monitorwatcher.js] [39m[connector-server-1] receive addServer signal: {"action":"addServer","server":{"main":"/app/TelCatCallServer/game-server/app.js","env":"development","id":"chat-server-1","host":"127.0.0.1","port":6050,"serverType":"chat"}}
[2017-09-06 15:11:03.251] [DEBUG] pomelo - [36m[/app/TelCatCallServer/game-server/node_modules/pomelo/lib/modules/monitorwatcher.js] [39m[connector-server-1] receive addServer signal: {"action":"addServer","server":{"main":"/app/TelCatCallServer/game-server/app.js","env":"development","id":"gate-server-1","host":"127.0.0.1","clientPort":3014,"frontend":"true","serverType":"gate"}}
[2017-09-06 15:32:38.671] [INFO] pomelo - [32m[/app/TelCatCallServer/game-server/node_modules/pomelo/lib/application.js] [39mapplication inited: "connector-server-1"
[2017-09-06 15:32:38.990] [INFO] pomelo - [32m[/app/TelCatCallServer/game-server/node_modules/pomelo/lib/application.js] [39m"connector-server-1" enter after start...
[2017-09-06 15:32:38.998] [INFO] pomelo - [32m[/app/TelCatCallServer/game-server/node_modules/pomelo/lib/application.js] [39m"connector-server-1" finish start
[2017-09-06 15:32:38.999] [INFO] pomelo - [32m[/app/TelCatCallServer/game-server/node_modules/pomelo/lib/application.js] [39m"connector-server-1" startup in 298 ms
[2017-09-06 15:32:39.983] [DEBUG] pomelo - [36m[/app/TelCatCallServer/game-server/node_modules/pomelo/lib/modules/monitorwatcher.js] [39m[connector-server-1] receive addServer signal: {"action":"addServer","server":{"main":"/app/TelCatCallServer/game-server/app.js","env":"development","id":"chat-server-1","host":"127.0.0.1","port":6050,"serverType":"chat"}}
[2017-09-06 15:32:39.985] [DEBUG] pomelo - [36m[/app/TelCatCallServer/game-server/node_modules/pomelo/lib/modules/monitorwatcher.js] [39m[connector-server-1] receive addServer signal: {"action":"addServer","server":{"main":"/app/TelCatCallServer/game-server/app.js","env":"development","id":"gate-server-1","host":"127.0.0.1","clientPort":3014,"frontend":"true","serverType":"gate"}}
[2017-09-06 15:33:56.787] [INFO] pomelo - [32m[/app/TelCatCallServer/game-server/node_modules/pomelo/lib/application.js] [39mapplication inited: "connector-server-1"
[2017-09-06 15:33:57.106] [INFO] pomelo - [32m[/app/TelCatCallServer/game-server/node_modules/pomelo/lib/application.js] [39m"connector-server-1" enter after start...
[2017-09-06 15:33:57.116] [INFO] pomelo - [32m[/app/TelCatCallServer/game-server/node_modules/pomelo/lib/application.js] [39m"connector-server-1" finish start
[2017-09-06 15:33:57.116] [INFO] pomelo - [32m[/app/TelCatCallServer/game-server/node_modules/pomelo/lib/application.js] [39m"connector-server-1" startup in 298 ms
[2017-09-06 15:33:58.092] [DEBUG] pomelo - [36m[/app/TelCatCallServer/game-server/node_modules/pomelo/lib/modules/monitorwatcher.js] [39m[connector-server-1] receive addServer signal: {"action":"addServer","server":{"main":"/app/TelCatCallServer/game-server/app.js","env":"development","id":"chat-server-1","host":"127.0.0.1","port":6050,"serverType":"chat"}}
[2017-09-06 15:33:58.095] [DEBUG] pomelo - [36m[/app/TelCatCallServer/game-server/node_modules/pomelo/lib/modules/monitorwatcher.js] [39m[connector-server-1] receive addServer signal: {"action":"addServer","server":{"main":"/app/TelCatCallServer/game-server/app.js","env":"development","id":"gate-server-1","host":"127.0.0.1","clientPort":3014,"frontend":"true","serverType":"gate"}}
[2017-09-06 15:45:09.973] [INFO] pomelo - [32m[/app/TelCatCallServer/game-server/node_modules/pomelo/lib/application.js] [39mapplication inited: "connector-server-1"
[2017-09-06 15:45:10.274] [INFO] pomelo - [32m[/app/TelCatCallServer/game-server/node_modules/pomelo/lib/application.js] [39m"connector-server-1" enter after start...
[2017-09-06 15:45:10.364] [INFO] pomelo - [32m[/app/TelCatCallServer/game-server/node_modules/pomelo/lib/application.js] [39m"connector-server-1" finish start
[2017-09-06 15:45:10.365] [INFO] pomelo - [32m[/app/TelCatCallServer/game-server/node_modules/pomelo/lib/application.js] [39m"connector-server-1" startup in 380 ms
[2017-09-06 15:45:11.246] [DEBUG] pomelo - [36m[/app/TelCatCallServer/game-server/node_modules/pomelo/lib/modules/monitorwatcher.js] [39m[connector-server-1] receive addServer signal: {"action":"addServer","server":{"main":"/app/TelCatCallServer/game-server/app.js","env":"development","id":"chat-server-1","host":"127.0.0.1","port":6050,"serverType":"chat"}}
[2017-09-06 15:45:11.307] [DEBUG] pomelo - [36m[/app/TelCatCallServer/game-server/node_modules/pomelo/lib/modules/monitorwatcher.js] [39m[connector-server-1] receive addServer signal: {"action":"addServer","server":{"main":"/app/TelCatCallServer/game-server/app.js","env":"development","id":"gate-server-1","host":"127.0.0.1","clientPort":3014,"frontend":"true","serverType":"gate"}}
[2017-09-06 15:56:10.159] [INFO] pomelo - [32m[/app/TelCatCallServer/game-server/node_modules/pomelo/lib/application.js] [39mapplication inited: "connector-server-1"
[2017-09-06 15:56:10.474] [INFO] pomelo - [32m[/app/TelCatCallServer/game-server/node_modules/pomelo/lib/application.js] [39m"connector-server-1" enter after start...
[2017-09-06 15:56:10.483] [INFO] pomelo - [32m[/app/TelCatCallServer/game-server/node_modules/pomelo/lib/application.js] [39m"connector-server-1" finish start
[2017-09-06 15:56:10.484] [INFO] pomelo - [32m[/app/TelCatCallServer/game-server/node_modules/pomelo/lib/application.js] [39m"connector-server-1" startup in 295 ms
[2017-09-06 15:56:11.480] [DEBUG] pomelo - [36m[/app/TelCatCallServer/game-server/node_modules/pomelo/lib/modules/monitorwatcher.js] [39m[connector-server-1] receive addServer signal: {"action":"addServer","server":{"main":"/app/TelCatCallServer/game-server/app.js","env":"development","id":"chat-server-1","host":"127.0.0.1","port":6050,"serverType":"chat"}}
[2017-09-06 15:56:11.483] [DEBUG] pomelo - [36m[/app/TelCatCallServer/game-server/node_modules/pomelo/lib/modules/monitorwatcher.js] [39m[connector-server-1] receive addServer signal: {"action":"addServer","server":{"main":"/app/TelCatCallServer/game-server/app.js","env":"development","id":"gate-server-1","host":"127.0.0.1","clientPort":3014,"frontend":"true","serverType":"gate"}}
[2017-09-06 15:58:16.018] [INFO] pomelo - [32m[/app/TelCatCallServer/game-server/node_modules/pomelo/lib/application.js] [39mapplication inited: "connector-server-1"
[2017-09-06 15:58:16.331] [INFO] pomelo - [32m[/app/TelCatCallServer/game-server/node_modules/pomelo/lib/application.js] [39m"connector-server-1" enter after start...
[2017-09-06 15:58:16.339] [INFO] pomelo - [32m[/app/TelCatCallServer/game-server/node_modules/pomelo/lib/application.js] [39m"connector-server-1" finish start
[2017-09-06 15:58:16.340] [INFO] pomelo - [32m[/app/TelCatCallServer/game-server/node_modules/pomelo/lib/application.js] [39m"connector-server-1" startup in 293 ms
[2017-09-06 15:58:17.320] [DEBUG] pomelo - [36m[/app/TelCatCallServer/game-server/node_modules/pomelo/lib/modules/monitorwatcher.js] [39m[connector-server-1] receive addServer signal: {"action":"addServer","server":{"main":"/app/TelCatCallServer/game-server/app.js","env":"development","id":"chat-server-1","host":"127.0.0.1","port":6050,"serverType":"chat"}}
[2017-09-06 15:58:17.327] [DEBUG] pomelo - [36m[/app/TelCatCallServer/game-server/node_modules/pomelo/lib/modules/monitorwatcher.js] [39m[connector-server-1] receive addServer signal: {"action":"addServer","server":{"main":"/app/TelCatCallServer/game-server/app.js","env":"development","id":"gate-server-1","host":"127.0.0.1","clientPort":3014,"frontend":"true","serverType":"gate"}}
[2017-09-06 16:07:06.904] [INFO] pomelo - [32m[/app/TelCatCallServer/game-server/node_modules/pomelo/lib/application.js] [39mapplication inited: "connector-server-1"
[2017-09-06 16:07:07.222] [INFO] pomelo - [32m[/app/TelCatCallServer/game-server/node_modules/pomelo/lib/application.js] [39m"connector-server-1" enter after start...
[2017-09-06 16:07:07.232] [INFO] pomelo - [32m[/app/TelCatCallServer/game-server/node_modules/pomelo/lib/application.js] [39m"connector-server-1" finish start
[2017-09-06 16:07:07.232] [INFO] pomelo - [32m[/app/TelCatCallServer/game-server/node_modules/pomelo/lib/application.js] [39m"connector-server-1" startup in 298 ms
[2017-09-06 16:07:08.247] [DEBUG] pomelo - [36m[/app/TelCatCallServer/game-server/node_modules/pomelo/lib/modules/monitorwatcher.js] [39m[connector-server-1] receive addServer signal: {"action":"addServer","server":{"main":"/app/TelCatCallServer/game-server/app.js","env":"development","id":"chat-server-1","host":"127.0.0.1","port":6050,"serverType":"chat"}}
[2017-09-06 16:07:08.249] [DEBUG] pomelo - [36m[/app/TelCatCallServer/game-server/node_modules/pomelo/lib/modules/monitorwatcher.js] [39m[connector-server-1] receive addServer signal: {"action":"addServer","server":{"main":"/app/TelCatCallServer/game-server/app.js","env":"development","id":"gate-server-1","host":"127.0.0.1","clientPort":3014,"frontend":"true","serverType":"gate"}}
[2017-09-06 16:15:44.926] [INFO] pomelo - [32m[/app/TelCatCallServer/game-server/node_modules/pomelo/lib/application.js] [39mapplication inited: "connector-server-1"
[2017-09-06 16:15:45.242] [INFO] pomelo - [32m[/app/TelCatCallServer/game-server/node_modules/pomelo/lib/application.js] [39m"connector-server-1" enter after start...
[2017-09-06 16:15:45.250] [INFO] pomelo - [32m[/app/TelCatCallServer/game-server/node_modules/pomelo/lib/application.js] [39m"connector-server-1" finish start
[2017-09-06 16:15:45.253] [INFO] pomelo - [32m[/app/TelCatCallServer/game-server/node_modules/pomelo/lib/application.js] [39m"connector-server-1" startup in 298 ms
[2017-09-06 16:15:46.255] [DEBUG] pomelo - [36m[/app/TelCatCallServer/game-server/node_modules/pomelo/lib/modules/monitorwatcher.js] [39m[connector-server-1] receive addServer signal: {"action":"addServer","server":{"main":"/app/TelCatCallServer/game-server/app.js","env":"development","id":"chat-server-1","host":"127.0.0.1","port":6050,"serverType":"chat"}}
[2017-09-06 16:15:46.257] [DEBUG] pomelo - [36m[/app/TelCatCallServer/game-server/node_modules/pomelo/lib/modules/monitorwatcher.js] [39m[connector-server-1] receive addServer signal: {"action":"addServer","server":{"main":"/app/TelCatCallServer/game-server/app.js","env":"development","id":"gate-server-1","host":"127.0.0.1","clientPort":3014,"frontend":"true","serverType":"gate"}}
[2017-09-06 16:19:15.528] [INFO] pomelo - [32m[/app/TelCatCallServer/game-server/node_modules/pomelo/lib/application.js] [39mapplication inited: "connector-server-1"
[2017-09-06 16:19:15.834] [INFO] pomelo - [32m[/app/TelCatCallServer/game-server/node_modules/pomelo/lib/application.js] [39m"connector-server-1" enter after start...
[2017-09-06 16:19:15.842] [INFO] pomelo - [32m[/app/TelCatCallServer/game-server/node_modules/pomelo/lib/application.js] [39m"connector-server-1" finish start
[2017-09-06 16:19:15.843] [INFO] pomelo - [32m[/app/TelCatCallServer/game-server/node_modules/pomelo/lib/application.js] [39m"connector-server-1" startup in 285 ms
[2017-09-06 16:21:58.923] [INFO] pomelo - [32m[/app/TelCatCallServer/game-server/node_modules/pomelo/lib/application.js] [39mapplication inited: "connector-server-1"
[2017-09-06 16:21:59.238] [INFO] pomelo - [32m[/app/TelCatCallServer/game-server/node_modules/pomelo/lib/application.js] [39m"connector-server-1" enter after start...
[2017-09-06 16:21:59.246] [INFO] pomelo - [32m[/app/TelCatCallServer/game-server/node_modules/pomelo/lib/application.js] [39m"connector-server-1" finish start
[2017-09-06 16:21:59.246] [INFO] pomelo - [32m[/app/TelCatCallServer/game-server/node_modules/pomelo/lib/application.js] [39m"connector-server-1" startup in 293 ms
[2017-09-06 16:22:00.248] [DEBUG] pomelo - [36m[/app/TelCatCallServer/game-server/node_modules/pomelo/lib/modules/monitorwatcher.js] [39m[connector-server-1] receive addServer signal: {"action":"addServer","server":{"main":"/app/TelCatCallServer/game-server/app.js","env":"development","id":"gate-server-1","host":"127.0.0.1","clientPort":3014,"frontend":"true","serverType":"gate"}}
[2017-09-06 16:23:07.138] [INFO] pomelo - [32m[/app/TelCatCallServer/game-server/node_modules/pomelo/lib/application.js] [39mapplication inited: "connector-server-1"
[2017-09-06 16:23:07.450] [INFO] pomelo - [32m[/app/TelCatCallServer/game-server/node_modules/pomelo/lib/application.js] [39m"connector-server-1" enter after start...
[2017-09-06 16:23:07.460] [INFO] pomelo - [32m[/app/TelCatCallServer/game-server/node_modules/pomelo/lib/application.js] [39m"connector-server-1" finish start
[2017-09-06 16:23:07.461] [INFO] pomelo - [32m[/app/TelCatCallServer/game-server/node_modules/pomelo/lib/application.js] [39m"connector-server-1" startup in 293 ms
[2017-09-06 16:23:08.476] [DEBUG] pomelo - [36m[/app/TelCatCallServer/game-server/node_modules/pomelo/lib/modules/monitorwatcher.js] [39m[connector-server-1] receive addServer signal: {"action":"addServer","server":{"main":"/app/TelCatCallServer/game-server/app.js","env":"development","id":"gate-server-1","host":"127.0.0.1","clientPort":3014,"frontend":"true","serverType":"gate"}}
[2017-09-06 16:23:51.310] [INFO] pomelo - [32m[/app/TelCatCallServer/game-server/node_modules/pomelo/lib/application.js] [39mapplication inited: "connector-server-1"
[2017-09-06 16:23:51.614] [INFO] pomelo - [32m[/app/TelCatCallServer/game-server/node_modules/pomelo/lib/application.js] [39m"connector-server-1" enter after start...
[2017-09-06 16:23:51.622] [INFO] pomelo - [32m[/app/TelCatCallServer/game-server/node_modules/pomelo/lib/application.js] [39m"connector-server-1" finish start
[2017-09-06 16:23:51.623] [INFO] pomelo - [32m[/app/TelCatCallServer/game-server/node_modules/pomelo/lib/application.js] [39m"connector-server-1" startup in 285 ms
[2017-09-06 16:26:08.291] [INFO] pomelo - [32m[/app/TelCatCallServer/game-server/node_modules/pomelo/lib/application.js] [39mapplication inited: "connector-server-1"
[2017-09-06 16:26:08.602] [INFO] pomelo - [32m[/app/TelCatCallServer/game-server/node_modules/pomelo/lib/application.js] [39m"connector-server-1" enter after start...
[2017-09-06 16:26:08.610] [INFO] pomelo - [32m[/app/TelCatCallServer/game-server/node_modules/pomelo/lib/application.js] [39m"connector-server-1" finish start
[2017-09-06 16:26:08.611] [INFO] pomelo - [32m[/app/TelCatCallServer/game-server/node_modules/pomelo/lib/application.js] [39m"connector-server-1" startup in 289 ms
[2017-09-06 16:26:09.580] [DEBUG] pomelo - [36m[/app/TelCatCallServer/game-server/node_modules/pomelo/lib/modules/monitorwatcher.js] [39m[connector-server-1] receive addServer signal: {"action":"addServer","server":{"main":"/app/TelCatCallServer/game-server/app.js","env":"development","id":"chat-server-1","host":"127.0.0.1","port":6050,"serverType":"chat"}}
[2017-09-06 16:27:04.858] [INFO] pomelo - [32m[/app/TelCatCallServer/game-server/node_modules/pomelo/lib/application.js] [39mapplication inited: "connector-server-1"
[2017-09-06 16:27:05.157] [INFO] pomelo - [32m[/app/TelCatCallServer/game-server/node_modules/pomelo/lib/application.js] [39m"connector-server-1" enter after start...
[2017-09-06 16:27:05.159] [INFO] pomelo - [32m[/app/TelCatCallServer/game-server/node_modules/pomelo/lib/application.js] [39m"connector-server-1" finish start
[2017-09-06 16:27:05.159] [INFO] pomelo - [32m[/app/TelCatCallServer/game-server/node_modules/pomelo/lib/application.js] [39m"connector-server-1" startup in 273 ms
[2017-09-06 16:46:23.045] [INFO] pomelo - [32m[/app/TelCatCallServer/game-server/node_modules/pomelo/lib/application.js] [39mapplication inited: "connector-server-1"
[2017-09-06 16:46:23.356] [INFO] pomelo - [32m[/app/TelCatCallServer/game-server/node_modules/pomelo/lib/application.js] [39m"connector-server-1" enter after start...
[2017-09-06 16:46:23.364] [INFO] pomelo - [32m[/app/TelCatCallServer/game-server/node_modules/pomelo/lib/application.js] [39m"connector-server-1" finish start
[2017-09-06 16:46:23.365] [INFO] pomelo - [32m[/app/TelCatCallServer/game-server/node_modules/pomelo/lib/application.js] [39m"connector-server-1" startup in 290 ms
[2017-09-06 17:35:31.775] [INFO] pomelo - [32m[/app/TelCatCallServer/game-server/node_modules/pomelo/lib/application.js] [39mapplication inited: "connector-server-1"
[2017-09-06 17:35:32.072] [INFO] pomelo - [32m[/app/TelCatCallServer/game-server/node_modules/pomelo/lib/application.js] [39m"connector-server-1" enter after start...
[2017-09-06 17:35:32.146] [INFO] pomelo - [32m[/app/TelCatCallServer/game-server/node_modules/pomelo/lib/application.js] [39m"connector-server-1" finish start
[2017-09-06 17:35:32.146] [INFO] pomelo - [32m[/app/TelCatCallServer/game-server/node_modules/pomelo/lib/application.js] [39m"connector-server-1" startup in 360 ms
[2017-09-06 17:37:17.590] [INFO] pomelo - [32m[/app/TelCatCallServer/game-server/node_modules/pomelo/lib/application.js] [39mapplication inited: "connector-server-1"
[2017-09-06 17:37:17.888] [INFO] pomelo - [32m[/app/TelCatCallServer/game-server/node_modules/pomelo/lib/application.js] [39m"connector-server-1" enter after start...
[2017-09-06 17:37:17.970] [INFO] pomelo - [32m[/app/TelCatCallServer/game-server/node_modules/pomelo/lib/application.js] [39m"connector-server-1" finish start
[2017-09-06 17:37:17.970] [INFO] pomelo - [32m[/app/TelCatCallServer/game-server/node_modules/pomelo/lib/application.js] [39m"connector-server-1" startup in 369 ms
[2017-09-06 17:57:05.036] [INFO] pomelo - [32m[/app/TelCatCallServer/game-server/node_modules/pomelo/lib/application.js] [39mapplication inited: "connector-server-1"
[2017-09-06 17:57:05.348] [INFO] pomelo - [32m[/app/TelCatCallServer/game-server/node_modules/pomelo/lib/application.js] [39m"connector-server-1" enter after start...
[2017-09-06 17:57:05.356] [INFO] pomelo - [32m[/app/TelCatCallServer/game-server/node_modules/pomelo/lib/application.js] [39m"connector-server-1" finish start
[2017-09-06 17:57:05.357] [INFO] pomelo - [32m[/app/TelCatCallServer/game-server/node_modules/pomelo/lib/application.js] [39m"connector-server-1" startup in 292 ms
[2017-09-06 22:09:36.422] [INFO] pomelo - [32m[/app/TelCatCallServer/game-server/node_modules/pomelo/lib/application.js] [39mapplication inited: "connector-server-1"
[2017-09-06 22:09:36.737] [INFO] pomelo - [32m[/app/TelCatCallServer/game-server/node_modules/pomelo/lib/application.js] [39m"connector-server-1" enter after start...
[2017-09-06 22:09:36.739] [INFO] pomelo - [32m[/app/TelCatCallServer/game-server/node_modules/pomelo/lib/application.js] [39m"connector-server-1" finish start
[2017-09-06 22:09:36.739] [INFO] pomelo - [32m[/app/TelCatCallServer/game-server/node_modules/pomelo/lib/application.js] [39m"connector-server-1" startup in 284 ms
[2017-09-07 09:50:46.822] [DEBUG] pomelo - [36m[/app/TelCatCallServer/game-server/node_modules/pomelo/lib/components/connector.js] [39m[connector-server-1] getSession session is created with session id: 1
[2017-09-07 09:52:16.633] [DEBUG] pomelo - [36m[/app/TelCatCallServer/game-server/node_modules/pomelo/lib/components/connector.js] [39m[connector-server-1] getSession session is created with session id: 2
[2017-09-07 09:52:50.189] [DEBUG] pomelo - [36m[/app/TelCatCallServer/game-server/node_modules/pomelo/lib/common/service/sessionService.js] [39msession on [connector-server-1] is closed with session id: 1
[2017-09-07 09:52:50.208] [DEBUG] pomelo - [36m[/app/TelCatCallServer/game-server/node_modules/pomelo/lib/common/service/sessionService.js] [39msession on [connector-server-1] is closed with session id: 2
[2017-09-07 09:52:51.217] [DEBUG] pomelo - [36m[/app/TelCatCallServer/game-server/node_modules/pomelo/lib/components/connector.js] [39m[connector-server-1] getSession session is created with session id: 3
[2017-09-07 09:52:51.222] [DEBUG] pomelo - [36m[/app/TelCatCallServer/game-server/node_modules/pomelo/lib/components/connector.js] [39m[connector-server-1] handleMessage session id: 3, msg: {"id":2,"type":0,"compressRoute":0,"route":"connector.entryHandler.entry","body":"hello pomelo","compressGzip":0}
[2017-09-07 09:52:51.226] [WARN] pomelo - [33m[/app/TelCatCallServer/game-server/node_modules/pomelo/lib/common/service/handlerService.js] [39mcould not find the method entry in handler: entryHandler
[2017-09-07 09:52:51.226] [ERROR] pomelo - [31m[/app/TelCatCallServer/game-server/node_modules/pomelo/lib/common/service/handlerService.js] [39m[handleManager]: fail to find handler for undefined
[2017-09-07 09:52:51.227] [DEBUG] pomelo - [36m[/app/TelCatCallServer/game-server/node_modules/pomelo/lib/server/server.js] [39mno default error handler to resolve unknown exception. Error: fail to find handler for undefined
    at Service.handle (/app/TelCatCallServer/game-server/node_modules/pomelo/lib/common/service/handlerService.js:35:30)
    at handle (/app/TelCatCallServer/game-server/node_modules/pomelo/lib/server/server.js:375:25)
    at next (/app/TelCatCallServer/game-server/node_modules/pomelo/lib/common/service/filterService.js:50:7)
    at Filter.before (/app/TelCatCallServer/game-server/node_modules/pomelo/lib/filters/handler/timeout.js:34:3)
    at next (/app/TelCatCallServer/game-server/node_modules/pomelo/lib/common/service/filterService.js:58:15)
    at Filter.before (/app/TelCatCallServer/game-server/node_modules/pomelo/lib/filters/handler/time.js:17:3)
    at next (/app/TelCatCallServer/game-server/node_modules/pomelo/lib/common/service/filterService.js:58:15)
    at Filter.before (/app/TelCatCallServer/game-server/node_modules/pomelo/lib/filters/handler/toobusy.js:31:5)
    at next (/app/TelCatCallServer/game-server/node_modules/pomelo/lib/common/service/filterService.js:58:15)
    at Service.beforeFilter (/app/TelCatCallServer/game-server/node_modules/pomelo/lib/common/service/filterService.js:65:3)
[2017-09-07 09:52:51.229] [DEBUG] pomelo - [36m[/app/TelCatCallServer/game-server/node_modules/pomelo/lib/components/connector.js] [39m[connector-server-1] send message reqId: 2, route: connector.entryHandler.entry, msg: {"code":500}, receivers: [3], opts: {"type":"response","userOptions":{},"isResponse":true}
[2017-09-07 09:52:51.564] [DEBUG] pomelo - [36m[/app/TelCatCallServer/game-server/node_modules/pomelo/lib/components/connector.js] [39m[connector-server-1] getSession session is created with session id: 4
[2017-09-07 09:52:51.597] [DEBUG] pomelo - [36m[/app/TelCatCallServer/game-server/node_modules/pomelo/lib/components/connector.js] [39m[connector-server-1] handleMessage session id: 4, msg: {"id":2,"type":0,"compressRoute":0,"route":"connector.entryHandler.entry","body":"hello pomelo","compressGzip":0}
[2017-09-07 09:52:51.599] [WARN] pomelo - [33m[/app/TelCatCallServer/game-server/node_modules/pomelo/lib/common/service/handlerService.js] [39mcould not find the method entry in handler: entryHandler
[2017-09-07 09:52:51.599] [ERROR] pomelo - [31m[/app/TelCatCallServer/game-server/node_modules/pomelo/lib/common/service/handlerService.js] [39m[handleManager]: fail to find handler for undefined
[2017-09-07 09:52:51.599] [DEBUG] pomelo - [36m[/app/TelCatCallServer/game-server/node_modules/pomelo/lib/server/server.js] [39mno default error handler to resolve unknown exception. Error: fail to find handler for undefined
    at Service.handle (/app/TelCatCallServer/game-server/node_modules/pomelo/lib/common/service/handlerService.js:35:30)
    at handle (/app/TelCatCallServer/game-server/node_modules/pomelo/lib/server/server.js:375:25)
    at next (/app/TelCatCallServer/game-server/node_modules/pomelo/lib/common/service/filterService.js:50:7)
    at Filter.before (/app/TelCatCallServer/game-server/node_modules/pomelo/lib/filters/handler/timeout.js:34:3)
    at next (/app/TelCatCallServer/game-server/node_modules/pomelo/lib/common/service/filterService.js:58:15)
    at Filter.before (/app/TelCatCallServer/game-server/node_modules/pomelo/lib/filters/handler/time.js:17:3)
    at next (/app/TelCatCallServer/game-server/node_modules/pomelo/lib/common/service/filterService.js:58:15)
    at Filter.before (/app/TelCatCallServer/game-server/node_modules/pomelo/lib/filters/handler/toobusy.js:31:5)
    at next (/app/TelCatCallServer/game-server/node_modules/pomelo/lib/common/service/filterService.js:58:15)
    at Service.beforeFilter (/app/TelCatCallServer/game-server/node_modules/pomelo/lib/common/service/filterService.js:65:3)
[2017-09-07 09:52:51.600] [DEBUG] pomelo - [36m[/app/TelCatCallServer/game-server/node_modules/pomelo/lib/components/connector.js] [39m[connector-server-1] send message reqId: 2, route: connector.entryHandler.entry, msg: {"code":500}, receivers: [4], opts: {"type":"response","userOptions":{},"isResponse":true}
[2017-09-07 09:54:14.413] [DEBUG] pomelo - [36m[/app/TelCatCallServer/game-server/node_modules/pomelo/lib/common/service/sessionService.js] [39msession on [connector-server-1] is closed with session id: 4
[2017-09-07 09:54:14.423] [DEBUG] pomelo - [36m[/app/TelCatCallServer/game-server/node_modules/pomelo/lib/common/service/sessionService.js] [39msession on [connector-server-1] is closed with session id: 3
[2017-09-07 09:54:15.266] [DEBUG] pomelo - [36m[/app/TelCatCallServer/game-server/node_modules/pomelo/lib/components/connector.js] [39m[connector-server-1] getSession session is created with session id: 5
[2017-09-07 09:54:15.374] [DEBUG] pomelo - [36m[/app/TelCatCallServer/game-server/node_modules/pomelo/lib/components/connector.js] [39m[connector-server-1] handleMessage session id: 5, msg: {"id":2,"type":0,"compressRoute":0,"route":"connector.entryHandler.enter","body":"hello pomelo","compressGzip":0}
[2017-09-07 09:54:15.376] [DEBUG] pomelo - [36m[/app/TelCatCallServer/game-server/node_modules/pomelo/lib/components/connector.js] [39msession on [connector-server-1] bind with uid: undefined*undefined
[2017-09-07 09:54:15.527] [DEBUG] pomelo - [36m[/app/TelCatCallServer/game-server/node_modules/pomelo/lib/components/connector.js] [39m[connector-server-1] getSession session is created with session id: 6
[2017-09-07 09:54:15.531] [DEBUG] pomelo - [36m[/app/TelCatCallServer/game-server/node_modules/pomelo/lib/components/connector.js] [39m[connector-server-1] handleMessage session id: 6, msg: {"id":2,"type":0,"compressRoute":0,"route":"connector.entryHandler.enter","body":"hello pomelo","compressGzip":0}
[2017-09-07 09:54:15.532] [DEBUG] pomelo - [36m[/app/TelCatCallServer/game-server/node_modules/pomelo/lib/components/connector.js] [39m[connector-server-1] send message reqId: 2, route: connector.entryHandler.enter, msg: {"code":500,"error":true}, receivers: [6], opts: {"type":"response","userOptions":{},"isResponse":true}
[2017-09-07 09:54:18.376] [ERROR] pomelo - [31m[/app/TelCatCallServer/game-server/node_modules/pomelo/lib/filters/handler/timeout.js] [39mrequest undefined timeout.
[2017-09-07 09:54:21.371] [INFO] pomelo - [32m[/app/TelCatCallServer/game-server/node_modules/pomelo/lib/connectors/commands/heartbeat.js] [39mclient 5 heartbeat timeout.
[2017-09-07 09:54:21.371] [DEBUG] pomelo - [36m[/app/TelCatCallServer/game-server/node_modules/pomelo/lib/common/service/sessionService.js] [39msession on [connector-server-1] is closed with session id: 5
[2017-09-07 10:36:50.737] [DEBUG] pomelo - [36m[/app/TelCatCallServer/game-server/node_modules/pomelo/lib/common/service/sessionService.js] [39msession on [connector-server-1] is closed with session id: 6
[2017-09-07 10:36:51.484] [DEBUG] pomelo - [36m[/app/TelCatCallServer/game-server/node_modules/pomelo/lib/components/connector.js] [39m[connector-server-1] getSession session is created with session id: 7
[2017-09-07 10:36:51.487] [DEBUG] pomelo - [36m[/app/TelCatCallServer/game-server/node_modules/pomelo/lib/components/connector.js] [39m[connector-server-1] handleMessage session id: 7, msg: {"id":2,"type":0,"compressRoute":0,"route":"connector.entryHandler.enter","body":"hello pomelo","compressGzip":0}
[2017-09-07 10:36:51.489] [DEBUG] pomelo - [36m[/app/TelCatCallServer/game-server/node_modules/pomelo/lib/components/connector.js] [39msession on [connector-server-1] bind with uid: undefined*undefined
[2017-09-07 10:36:51.813] [DEBUG] pomelo - [36m[/app/TelCatCallServer/game-server/node_modules/pomelo/lib/components/connector.js] [39m[connector-server-1] getSession session is created with session id: 8
[2017-09-07 10:36:51.819] [DEBUG] pomelo - [36m[/app/TelCatCallServer/game-server/node_modules/pomelo/lib/components/connector.js] [39m[connector-server-1] handleMessage session id: 8, msg: {"id":2,"type":0,"compressRoute":0,"route":"connector.entryHandler.enter","body":"hello pomelo","compressGzip":0}
[2017-09-07 10:36:51.820] [DEBUG] pomelo - [36m[/app/TelCatCallServer/game-server/node_modules/pomelo/lib/components/connector.js] [39m[connector-server-1] send message reqId: 2, route: connector.entryHandler.enter, msg: {"code":500,"error":true}, receivers: [8], opts: {"type":"response","userOptions":{},"isResponse":true}
[2017-09-07 10:36:54.491] [ERROR] pomelo - [31m[/app/TelCatCallServer/game-server/node_modules/pomelo/lib/filters/handler/timeout.js] [39mrequest undefined timeout.
[2017-09-07 10:36:57.487] [INFO] pomelo - [32m[/app/TelCatCallServer/game-server/node_modules/pomelo/lib/connectors/commands/heartbeat.js] [39mclient 7 heartbeat timeout.
[2017-09-07 10:36:57.487] [DEBUG] pomelo - [36m[/app/TelCatCallServer/game-server/node_modules/pomelo/lib/common/service/sessionService.js] [39msession on [connector-server-1] is closed with session id: 7
[2017-09-07 11:59:09.431] [INFO] pomelo - [32m[/app/TelCatCallServer/game-server/node_modules/pomelo/lib/application.js] [39mapplication inited: "connector-server-1"
[2017-09-07 11:59:09.758] [INFO] pomelo - [32m[/app/TelCatCallServer/game-server/node_modules/pomelo/lib/application.js] [39m"connector-server-1" enter after start...
[2017-09-07 11:59:09.760] [INFO] pomelo - [32m[/app/TelCatCallServer/game-server/node_modules/pomelo/lib/application.js] [39m"connector-server-1" finish start
[2017-09-07 11:59:09.760] [INFO] pomelo - [32m[/app/TelCatCallServer/game-server/node_modules/pomelo/lib/application.js] [39m"connector-server-1" startup in 283 ms
[2017-09-07 12:01:15.043] [DEBUG] pomelo - [36m[/app/TelCatCallServer/game-server/node_modules/pomelo/lib/components/connector.js] [39m[connector-server-1] getSession session is created with session id: 1
[2017-09-07 12:01:15.115] [DEBUG] pomelo - [36m[/app/TelCatCallServer/game-server/node_modules/pomelo/lib/components/connector.js] [39m[connector-server-1] handleMessage session id: 1, msg: {"id":2,"type":0,"compressRoute":0,"route":"connector.entryHandler.enter","body":{"username":"test","rid":"test"},"compressGzip":0}
[2017-09-07 12:01:15.118] [DEBUG] pomelo - [36m[/app/TelCatCallServer/game-server/node_modules/pomelo/lib/components/connector.js] [39msession on [connector-server-1] bind with uid: test*test
[2017-09-07 12:01:15.143] [DEBUG] pomelo - [36m[/app/TelCatCallServer/game-server/node_modules/pomelo/lib/components/connector.js] [39m[connector-server-1] send message reqId: 2, route: connector.entryHandler.enter, msg: {"users":["test"]}, receivers: [1], opts: {"type":"response","userOptions":{},"isResponse":true}
[2017-09-07 12:01:15.292] [DEBUG] pomelo - [36m[/app/TelCatCallServer/game-server/node_modules/pomelo/lib/components/connector.js] [39m[connector-server-1] getSession session is created with session id: 2
[2017-09-07 12:01:15.300] [DEBUG] pomelo - [36m[/app/TelCatCallServer/game-server/node_modules/pomelo/lib/components/connector.js] [39m[connector-server-1] handleMessage session id: 2, msg: {"id":2,"type":0,"compressRoute":0,"route":"connector.entryHandler.enter","body":{"username":"test","rid":"test"},"compressGzip":0}
[2017-09-07 12:01:15.301] [DEBUG] pomelo - [36m[/app/TelCatCallServer/game-server/node_modules/pomelo/lib/components/connector.js] [39m[connector-server-1] send message reqId: 2, route: connector.entryHandler.enter, msg: {"code":500,"error":true}, receivers: [2], opts: {"type":"response","userOptions":{},"isResponse":true}
[2017-09-07 12:01:21.296] [INFO] pomelo - [32m[/app/TelCatCallServer/game-server/node_modules/pomelo/lib/connectors/commands/heartbeat.js] [39mclient 2 heartbeat timeout.
[2017-09-07 12:01:21.297] [DEBUG] pomelo - [36m[/app/TelCatCallServer/game-server/node_modules/pomelo/lib/common/service/sessionService.js] [39msession on [connector-server-1] is closed with session id: 2
[2017-09-07 12:01:30.492] [DEBUG] pomelo - [36m[/app/TelCatCallServer/game-server/node_modules/pomelo/lib/components/connector.js] [39m[connector-server-1] getSession session is created with session id: 3
[2017-09-07 12:01:30.495] [DEBUG] pomelo - [36m[/app/TelCatCallServer/game-server/node_modules/pomelo/lib/components/connector.js] [39m[connector-server-1] handleMessage session id: 3, msg: {"id":2,"type":0,"compressRoute":0,"route":"connector.entryHandler.enter","body":{"username":"test","rid":"test"},"compressGzip":0}
[2017-09-07 12:01:30.497] [DEBUG] pomelo - [36m[/app/TelCatCallServer/game-server/node_modules/pomelo/lib/components/connector.js] [39m[connector-server-1] send message reqId: 2, route: connector.entryHandler.enter, msg: {"code":500,"error":true}, receivers: [3], opts: {"type":"response","userOptions":{},"isResponse":true}
[2017-09-07 12:06:30.353] [DEBUG] pomelo - [36m[/app/TelCatCallServer/game-server/node_modules/pomelo/lib/common/service/sessionService.js] [39msession on [connector-server-1] is closed with session id: 1
[2017-09-07 12:06:31.069] [DEBUG] pomelo - [36m[/app/TelCatCallServer/game-server/node_modules/pomelo/lib/components/connector.js] [39m[connector-server-1] getSession session is created with session id: 4
[2017-09-07 12:06:31.073] [DEBUG] pomelo - [36m[/app/TelCatCallServer/game-server/node_modules/pomelo/lib/components/connector.js] [39m[connector-server-1] handleMessage session id: 4, msg: {"id":2,"type":0,"compressRoute":0,"route":"connector.entryHandler.enter","body":{"username":"test","rid":"test"},"compressGzip":0}
[2017-09-07 12:06:31.073] [DEBUG] pomelo - [36m[/app/TelCatCallServer/game-server/node_modules/pomelo/lib/components/connector.js] [39msession on [connector-server-1] bind with uid: test*test
[2017-09-07 12:06:31.076] [DEBUG] pomelo - [36m[/app/TelCatCallServer/game-server/node_modules/pomelo/lib/components/connector.js] [39m[connector-server-1] send message reqId: 2, route: connector.entryHandler.enter, msg: {"users":["test"]}, receivers: [4], opts: {"type":"response","userOptions":{},"isResponse":true}
[2017-09-07 12:52:40.761] [INFO] pomelo - [32m[/app/TelCatCallServer/game-server/node_modules/_pomelo-upgrade@1.4.4@pomelo-upgrade/lib/application.js] [39mapplication inited: connector-server-1
[2017-09-07 12:52:40.921] [INFO] pomelo - [32m[/app/TelCatCallServer/game-server/node_modules/_pomelo-upgrade@1.4.4@pomelo-upgrade/lib/application.js] [39m"connector-server-1" enter after start...
[2017-09-07 12:52:40.923] [INFO] pomelo - [32m[/app/TelCatCallServer/game-server/node_modules/_pomelo-upgrade@1.4.4@pomelo-upgrade/lib/application.js] [39m"connector-server-1" finish start
[2017-09-07 12:52:40.923] [INFO] pomelo - [32m[/app/TelCatCallServer/game-server/node_modules/_pomelo-upgrade@1.4.4@pomelo-upgrade/lib/application.js] [39m"connector-server-1" startup in 128 ms
[2017-09-07 12:55:38.724] [INFO] pomelo - [32m[/app/TelCatCallServer/game-server/node_modules/_pomelo-upgrade@1.4.4@pomelo-upgrade/lib/application.js] [39mapplication inited: connector-server-1
[2017-09-07 12:55:38.924] [INFO] pomelo - [32m[/app/TelCatCallServer/game-server/node_modules/_pomelo-upgrade@1.4.4@pomelo-upgrade/lib/application.js] [39m"connector-server-1" enter after start...
[2017-09-07 12:55:38.926] [INFO] pomelo - [32m[/app/TelCatCallServer/game-server/node_modules/_pomelo-upgrade@1.4.4@pomelo-upgrade/lib/application.js] [39m"connector-server-1" finish start
[2017-09-07 12:55:38.927] [INFO] pomelo - [32m[/app/TelCatCallServer/game-server/node_modules/_pomelo-upgrade@1.4.4@pomelo-upgrade/lib/application.js] [39m"connector-server-1" startup in 155 ms
[2017-09-07 15:05:24.543] [INFO] pomelo - [32m[/app/TelCatCallServer/game-server/node_modules/_pomelo-upgrade@1.4.4@pomelo-upgrade/lib/application.js] [39mapplication inited: connector-server-1
[2017-09-07 15:05:24.711] [INFO] pomelo - [32m[/app/TelCatCallServer/game-server/node_modules/_pomelo-upgrade@1.4.4@pomelo-upgrade/lib/application.js] [39m"connector-server-1" enter after start...
[2017-09-07 15:05:24.713] [INFO] pomelo - [32m[/app/TelCatCallServer/game-server/node_modules/_pomelo-upgrade@1.4.4@pomelo-upgrade/lib/application.js] [39m"connector-server-1" finish start
[2017-09-07 15:05:24.713] [INFO] pomelo - [32m[/app/TelCatCallServer/game-server/node_modules/_pomelo-upgrade@1.4.4@pomelo-upgrade/lib/application.js] [39m"connector-server-1" startup in 132 ms
[2017-09-07 15:15:06.991] [INFO] pomelo - [32m[/app/TelCatCallServer/game-server/node_modules/_pomelo@2.2.5@pomelo/lib/application.js] [39mapplication inited: "connector-server-1"
[2017-09-07 15:15:07.314] [INFO] pomelo - [32m[/app/TelCatCallServer/game-server/node_modules/_pomelo@2.2.5@pomelo/lib/application.js] [39m"connector-server-1" enter after start...
[2017-09-07 15:15:07.316] [INFO] pomelo - [32m[/app/TelCatCallServer/game-server/node_modules/_pomelo@2.2.5@pomelo/lib/application.js] [39m"connector-server-1" finish start
[2017-09-07 15:15:07.316] [INFO] pomelo - [32m[/app/TelCatCallServer/game-server/node_modules/_pomelo@2.2.5@pomelo/lib/application.js] [39m"connector-server-1" startup in 284 ms
[2017-09-07 15:15:20.359] [DEBUG] pomelo - [36m[/app/TelCatCallServer/game-server/node_modules/_pomelo@2.2.5@pomelo/lib/components/connector.js] [39m[connector-server-1] getSession session is created with session id: 1
[2017-09-07 15:15:20.372] [DEBUG] pomelo - [36m[/app/TelCatCallServer/game-server/node_modules/_pomelo@2.2.5@pomelo/lib/components/connector.js] [39m[connector-server-1] handleMessage session id: 1, msg: {"id":2,"type":0,"compressRoute":0,"route":"connector.entryHandler.enter","body":{"username":"test","rid":"test"},"compressGzip":0}
[2017-09-07 15:15:20.375] [DEBUG] pomelo - [36m[/app/TelCatCallServer/game-server/node_modules/_pomelo@2.2.5@pomelo/lib/components/connector.js] [39msession on [connector-server-1] bind with uid: test*test
[2017-09-07 15:15:20.390] [DEBUG] pomelo - [36m[/app/TelCatCallServer/game-server/node_modules/_pomelo@2.2.5@pomelo/lib/components/connector.js] [39m[connector-server-1] send message reqId: 2, route: connector.entryHandler.enter, msg: {"users":["test"]}, receivers: [1], opts: {"type":"response","userOptions":{},"isResponse":true}
[2017-09-07 15:22:08.282] [DEBUG] pomelo - [36m[/app/TelCatCallServer/game-server/node_modules/_pomelo@2.2.5@pomelo/lib/common/service/sessionService.js] [39msession on [connector-server-1] is closed with session id: 1
[2017-09-07 15:22:09.007] [DEBUG] pomelo - [36m[/app/TelCatCallServer/game-server/node_modules/_pomelo@2.2.5@pomelo/lib/components/connector.js] [39m[connector-server-1] getSession session is created with session id: 2
[2017-09-07 15:22:09.020] [DEBUG] pomelo - [36m[/app/TelCatCallServer/game-server/node_modules/_pomelo@2.2.5@pomelo/lib/components/connector.js] [39m[connector-server-1] handleMessage session id: 2, msg: {"id":2,"type":0,"compressRoute":0,"route":"connector.entryHandler.enter","body":{"username":"test","rid":"test"},"compressGzip":0}
[2017-09-07 15:22:09.020] [DEBUG] pomelo - [36m[/app/TelCatCallServer/game-server/node_modules/_pomelo@2.2.5@pomelo/lib/components/connector.js] [39msession on [connector-server-1] bind with uid: test*test
[2017-09-07 15:22:09.022] [DEBUG] pomelo - [36m[/app/TelCatCallServer/game-server/node_modules/_pomelo@2.2.5@pomelo/lib/components/connector.js] [39m[connector-server-1] send message reqId: 2, route: connector.entryHandler.enter, msg: {"users":["test"]}, receivers: [2], opts: {"type":"response","userOptions":{},"isResponse":true}
[2017-09-07 15:27:18.913] [INFO] pomelo - [32m[/app/TelCatCallServer/game-server/node_modules/_pomelo@2.2.5@pomelo/lib/application.js] [39mapplication inited: "connector-server-1"
[2017-09-07 15:27:19.230] [INFO] pomelo - [32m[/app/TelCatCallServer/game-server/node_modules/_pomelo@2.2.5@pomelo/lib/application.js] [39m"connector-server-1" enter after start...
[2017-09-07 15:27:19.232] [INFO] pomelo - [32m[/app/TelCatCallServer/game-server/node_modules/_pomelo@2.2.5@pomelo/lib/application.js] [39m"connector-server-1" finish start
[2017-09-07 15:27:19.232] [INFO] pomelo - [32m[/app/TelCatCallServer/game-server/node_modules/_pomelo@2.2.5@pomelo/lib/application.js] [39m"connector-server-1" startup in 269 ms
[2017-09-07 15:27:24.054] [DEBUG] pomelo - [36m[/app/TelCatCallServer/game-server/node_modules/_pomelo@2.2.5@pomelo/lib/components/connector.js] [39m[connector-server-1] getSession session is created with session id: 1
[2017-09-07 15:27:24.075] [DEBUG] pomelo - [36m[/app/TelCatCallServer/game-server/node_modules/_pomelo@2.2.5@pomelo/lib/components/connector.js] [39m[connector-server-1] handleMessage session id: 1, msg: {"id":2,"type":0,"compressRoute":0,"route":"connector.entryHandler.enter","body":{"username":"test","rid":"test"},"compressGzip":0}
[2017-09-07 15:27:24.078] [DEBUG] pomelo - [36m[/app/TelCatCallServer/game-server/node_modules/_pomelo@2.2.5@pomelo/lib/components/connector.js] [39msession on [connector-server-1] bind with uid: test*test
[2017-09-07 15:27:24.104] [DEBUG] pomelo - [36m[/app/TelCatCallServer/game-server/node_modules/_pomelo@2.2.5@pomelo/lib/components/connector.js] [39m[connector-server-1] send message reqId: 2, route: connector.entryHandler.enter, msg: {"users":["test"]}, receivers: [1], opts: {"type":"response","userOptions":{},"isResponse":true}
[2017-09-07 18:26:56.583] [INFO] pomelo - [32m[/app/TelCatCallServer/game-server/node_modules/_pomelo@2.2.5@pomelo/lib/application.js] [39mapplication inited: "connector-server-1"
[2017-09-07 18:26:56.915] [INFO] pomelo - [32m[/app/TelCatCallServer/game-server/node_modules/_pomelo@2.2.5@pomelo/lib/application.js] [39m"connector-server-1" enter after start...
[2017-09-07 18:26:56.917] [INFO] pomelo - [32m[/app/TelCatCallServer/game-server/node_modules/_pomelo@2.2.5@pomelo/lib/application.js] [39m"connector-server-1" finish start
[2017-09-07 18:26:56.917] [INFO] pomelo - [32m[/app/TelCatCallServer/game-server/node_modules/_pomelo@2.2.5@pomelo/lib/application.js] [39m"connector-server-1" startup in 281 ms
[2017-09-07 20:44:50.377] [INFO] pomelo - [32m[/app/TelCatCallServer/game-server/node_modules/_pomelo@2.2.5@pomelo/lib/application.js] [39mapplication inited: "connector-server-1"
[2017-09-07 20:44:50.704] [INFO] pomelo - [32m[/app/TelCatCallServer/game-server/node_modules/_pomelo@2.2.5@pomelo/lib/application.js] [39m"connector-server-1" enter after start...
[2017-09-07 20:44:50.712] [INFO] pomelo - [32m[/app/TelCatCallServer/game-server/node_modules/_pomelo@2.2.5@pomelo/lib/application.js] [39m"connector-server-1" finish start
[2017-09-07 20:44:50.712] [INFO] pomelo - [32m[/app/TelCatCallServer/game-server/node_modules/_pomelo@2.2.5@pomelo/lib/application.js] [39m"connector-server-1" startup in 295 ms
[2017-09-07 20:45:27.035] [DEBUG] pomelo - [36m[/app/TelCatCallServer/game-server/node_modules/_pomelo@2.2.5@pomelo/lib/components/connector.js] [39m[connector-server-1] getSession session is created with session id: 1
[2017-09-07 20:45:27.046] [DEBUG] pomelo - [36m[/app/TelCatCallServer/game-server/node_modules/_pomelo@2.2.5@pomelo/lib/components/connector.js] [39m[connector-server-1] handleMessage session id: 1, msg: {"id":2,"type":0,"compressRoute":0,"route":"connector.entryHandler.enter","body":{"username":"test","rid":"test"},"compressGzip":0}
[2017-09-07 20:45:27.049] [DEBUG] pomelo - [36m[/app/TelCatCallServer/game-server/node_modules/_pomelo@2.2.5@pomelo/lib/components/connector.js] [39msession on [connector-server-1] bind with uid: test|--|test
[2017-09-07 20:45:27.064] [DEBUG] pomelo - [36m[/app/TelCatCallServer/game-server/node_modules/_pomelo@2.2.5@pomelo/lib/components/connector.js] [39m[connector-server-1] send message reqId: 2, route: connector.entryHandler.enter, msg: {"users":["test|--|test"]}, receivers: [1], opts: {"type":"response","userOptions":{},"isResponse":true}
[2017-09-07 20:45:31.170] [DEBUG] pomelo - [36m[/app/TelCatCallServer/game-server/node_modules/_pomelo@2.2.5@pomelo/lib/components/connector.js] [39m[connector-server-1] getSession session is created with session id: 2
[2017-09-07 20:45:31.173] [DEBUG] pomelo - [36m[/app/TelCatCallServer/game-server/node_modules/_pomelo@2.2.5@pomelo/lib/components/connector.js] [39m[connector-server-1] handleMessage session id: 2, msg: {"id":2,"type":0,"compressRoute":0,"route":"connector.entryHandler.enter","body":{"username":"test","rid":"test"},"compressGzip":0}
[2017-09-07 20:45:31.174] [DEBUG] pomelo - [36m[/app/TelCatCallServer/game-server/node_modules/_pomelo@2.2.5@pomelo/lib/components/connector.js] [39m[connector-server-1] send message reqId: 2, route: connector.entryHandler.enter, msg: {"code":500,"error":true}, receivers: [2], opts: {"type":"response","userOptions":{},"isResponse":true}
[2017-09-07 20:45:31.684] [DEBUG] pomelo - [36m[/app/TelCatCallServer/game-server/node_modules/_pomelo@2.2.5@pomelo/lib/components/connector.js] [39m[connector-server-1] getSession session is created with session id: 3
[2017-09-07 20:45:31.689] [DEBUG] pomelo - [36m[/app/TelCatCallServer/game-server/node_modules/_pomelo@2.2.5@pomelo/lib/components/connector.js] [39m[connector-server-1] handleMessage session id: 3, msg: {"id":2,"type":0,"compressRoute":0,"route":"connector.entryHandler.enter","body":{"username":"test","rid":"test"},"compressGzip":0}
[2017-09-07 20:45:31.689] [DEBUG] pomelo - [36m[/app/TelCatCallServer/game-server/node_modules/_pomelo@2.2.5@pomelo/lib/components/connector.js] [39m[connector-server-1] send message reqId: 2, route: connector.entryHandler.enter, msg: {"code":500,"error":true}, receivers: [3], opts: {"type":"response","userOptions":{},"isResponse":true}
[2017-09-07 20:45:34.547] [DEBUG] pomelo - [36m[/app/TelCatCallServer/game-server/node_modules/_pomelo@2.2.5@pomelo/lib/common/service/sessionService.js] [39msession on [connector-server-1] is closed with session id: 3
[2017-09-07 20:45:56.822] [DEBUG] pomelo - [36m[/app/TelCatCallServer/game-server/node_modules/_pomelo@2.2.5@pomelo/lib/components/connector.js] [39m[connector-server-1] getSession session is created with session id: 4
[2017-09-07 20:45:56.824] [DEBUG] pomelo - [36m[/app/TelCatCallServer/game-server/node_modules/_pomelo@2.2.5@pomelo/lib/components/connector.js] [39m[connector-server-1] handleMessage session id: 4, msg: {"id":2,"type":0,"compressRoute":0,"route":"connector.entryHandler.enter","body":{"username":"test","rid":"test"},"compressGzip":0}
[2017-09-07 20:45:56.825] [DEBUG] pomelo - [36m[/app/TelCatCallServer/game-server/node_modules/_pomelo@2.2.5@pomelo/lib/components/connector.js] [39m[connector-server-1] send message reqId: 2, route: connector.entryHandler.enter, msg: {"code":500,"error":true}, receivers: [4], opts: {"type":"response","userOptions":{},"isResponse":true}
[2017-09-07 20:45:59.833] [DEBUG] pomelo - [36m[/app/TelCatCallServer/game-server/node_modules/_pomelo@2.2.5@pomelo/lib/common/service/sessionService.js] [39msession on [connector-server-1] is closed with session id: 4
